[0.266s] Invoking command in '/home/davinci/ros2_simulation_ws/build/yolov8_msgs': CMAKE_PREFIX_PATH=${CMAKE_PREFIX_PATH}:/home/davinci/ros3_ws/install/my_py_pkg:/opt/ros/jazzy DEBUGINFOD_URLS=https://debuginfod.ubuntu.com /usr/bin/cmake /home/davinci/ros2_simulation_ws/src/yolov8_msgs -DCMAKE_INSTALL_PREFIX=/home/davinci/ros2_simulation_ws/install/yolov8_msgs
[0.321s] -- The C compiler identification is GNU 13.3.0
[0.378s] -- The CXX compiler identification is GNU 13.3.0
[0.395s] -- Detecting C compiler ABI info
[0.478s] -- Detecting C compiler ABI info - done
[0.487s] -- Check for working C compiler: /usr/bin/cc - skipped
[0.488s] -- Detecting C compile features
[0.488s] -- Detecting C compile features - done
[0.497s] -- Detecting CXX compiler ABI info
[0.593s] -- Detecting CXX compiler ABI info - done
[0.603s] -- Check for working CXX compiler: /usr/bin/c++ - skipped
[0.603s] -- Detecting CXX compile features
[0.604s] -- Detecting CXX compile features - done
[0.608s] -- Found ament_cmake: 2.5.4 (/opt/ros/jazzy/share/ament_cmake/cmake)
[0.772s] -- Found Python3: /usr/bin/python3 (found version "3.12.3") found components: Interpreter 
[0.900s] -- Found std_msgs: 5.3.6 (/opt/ros/jazzy/share/std_msgs/cmake)
[0.955s] -- Found rosidl_generator_c: 4.6.5 (/opt/ros/jazzy/share/rosidl_generator_c/cmake)
[0.979s] -- Found rosidl_generator_cpp: 4.6.5 (/opt/ros/jazzy/share/rosidl_generator_cpp/cmake)
[1.008s] -- Using all available rosidl_typesupport_c: rosidl_typesupport_fastrtps_c;rosidl_typesupport_introspection_c
[1.033s] -- Using all available rosidl_typesupport_cpp: rosidl_typesupport_fastrtps_cpp;rosidl_typesupport_introspection_cpp
[1.079s] -- Found rosidl_default_generators: 1.6.0 (/opt/ros/jazzy/share/rosidl_default_generators/cmake)
[1.104s] -- Found rosidl_adapter: 4.6.5 (/opt/ros/jazzy/share/rosidl_adapter/cmake)
[1.796s] -- Found ament_cmake_ros: 0.12.0 (/opt/ros/jazzy/share/ament_cmake_ros/cmake)
[2.936s] -- Using all available rosidl_typesupport_c: rosidl_typesupport_fastrtps_c;rosidl_typesupport_introspection_c
[3.382s] -- Using all available rosidl_typesupport_cpp: rosidl_typesupport_fastrtps_cpp;rosidl_typesupport_introspection_cpp
[3.386s] -- Found python_cmake_module: 0.11.1 (/opt/ros/jazzy/share/python_cmake_module/cmake)
[3.550s] -- Found PythonExtra: /usr/bin/python3  
[4.103s] -- Found Python3: /usr/bin/python3 (found version "3.12.3") found components: Interpreter Development NumPy Development.Module Development.Embed 
[4.163s] -- Found ament_lint_auto: 0.17.2 (/opt/ros/jazzy/share/ament_lint_auto/cmake)
[4.218s] -- Added test 'copyright' to check source files copyright and LICENSE
[4.219s] -- Added test 'lint_cmake' to check CMake code style
[4.220s] -- Added test 'xmllint' to check XML markup files
[4.223s] -- Configuring done (4.0s)
[4.256s] -- Generating done (0.0s)
[4.266s] -- Build files have been written to: /home/davinci/ros2_simulation_ws/build/yolov8_msgs
[4.276s] Invoked command in '/home/davinci/ros2_simulation_ws/build/yolov8_msgs' returned '0': CMAKE_PREFIX_PATH=${CMAKE_PREFIX_PATH}:/home/davinci/ros3_ws/install/my_py_pkg:/opt/ros/jazzy DEBUGINFOD_URLS=https://debuginfod.ubuntu.com /usr/bin/cmake /home/davinci/ros2_simulation_ws/src/yolov8_msgs -DCMAKE_INSTALL_PREFIX=/home/davinci/ros2_simulation_ws/install/yolov8_msgs
[4.277s] Invoking command in '/home/davinci/ros2_simulation_ws/build/yolov8_msgs': CMAKE_PREFIX_PATH=${CMAKE_PREFIX_PATH}:/home/davinci/ros3_ws/install/my_py_pkg:/opt/ros/jazzy DEBUGINFOD_URLS=https://debuginfod.ubuntu.com /usr/bin/cmake --build /home/davinci/ros2_simulation_ws/build/yolov8_msgs -- -j8 -l8
[4.338s] [  2%] [34m[1mGenerating type hashes for ROS interfaces[0m
[4.581s] [  2%] Built target yolov8_msgs__rosidl_generator_type_description
[4.630s] [  2%] Built target ament_cmake_python_copy_yolov8_msgs
[4.649s] [  4%] [34m[1mGenerating C code for ROS interfaces[0m
[5.136s] [  6%] [32mBuilding C object CMakeFiles/yolov8_msgs__rosidl_generator_c.dir/rosidl_generator_c/yolov8_msgs/msg/detail/inference_result__description.c.o[0m
[5.185s] [  9%] [32mBuilding C object CMakeFiles/yolov8_msgs__rosidl_generator_c.dir/rosidl_generator_c/yolov8_msgs/msg/detail/yolov8_inference__type_support.c.o[0m
[5.238s] [ 11%] [32mBuilding C object CMakeFiles/yolov8_msgs__rosidl_generator_c.dir/rosidl_generator_c/yolov8_msgs/msg/detail/yolov8_inference__functions.c.o[0m
[5.314s] [ 13%] [32mBuilding C object CMakeFiles/yolov8_msgs__rosidl_generator_c.dir/rosidl_generator_c/yolov8_msgs/msg/detail/yolov8_inference__description.c.o[0m
[5.385s] [ 15%] [32mBuilding C object CMakeFiles/yolov8_msgs__rosidl_generator_c.dir/rosidl_generator_c/yolov8_msgs/msg/detail/inference_result__type_support.c.o[0m
[5.436s] [ 18%] [32mBuilding C object CMakeFiles/yolov8_msgs__rosidl_generator_c.dir/rosidl_generator_c/yolov8_msgs/msg/detail/inference_result__functions.c.o[0m
[5.503s] [ 20%] [32m[1mLinking C shared library libyolov8_msgs__rosidl_generator_c.so[0m
[5.572s] [ 20%] Built target yolov8_msgs__rosidl_generator_c
[5.849s] running egg_info
[5.850s] creating yolov8_msgs.egg-info
[5.873s] writing yolov8_msgs.egg-info/PKG-INFO
[5.873s] writing dependency_links to yolov8_msgs.egg-info/dependency_links.txt
[5.873s] writing top-level names to yolov8_msgs.egg-info/top_level.txt
[5.873s] writing manifest file 'yolov8_msgs.egg-info/SOURCES.txt'
[5.942s] reading manifest file 'yolov8_msgs.egg-info/SOURCES.txt'
[5.942s] writing manifest file 'yolov8_msgs.egg-info/SOURCES.txt'
[5.970s] [ 20%] Built target ament_cmake_python_build_yolov8_msgs_egg
[5.980s] [ 22%] [34m[1mGenerating C type support for eProsima Fast-RTPS[0m
[6.321s] [ 25%] [32mBuilding CXX object CMakeFiles/yolov8_msgs__rosidl_typesupport_fastrtps_c.dir/rosidl_typesupport_fastrtps_c/yolov8_msgs/msg/detail/inference_result__type_support_c.cpp.o[0m
[6.765s] [ 27%] [32mBuilding CXX object CMakeFiles/yolov8_msgs__rosidl_typesupport_fastrtps_c.dir/rosidl_typesupport_fastrtps_c/yolov8_msgs/msg/detail/yolov8_inference__type_support_c.cpp.o[0m
[7.200s] [ 29%] [32m[1mLinking CXX shared library libyolov8_msgs__rosidl_typesupport_fastrtps_c.so[0m
[7.277s] [ 29%] Built target yolov8_msgs__rosidl_typesupport_fastrtps_c
[7.287s] [ 31%] [34m[1mGenerating C type support dispatch for ROS interfaces[0m
[7.560s] [ 34%] [32mBuilding CXX object CMakeFiles/yolov8_msgs__rosidl_typesupport_c.dir/rosidl_typesupport_c/yolov8_msgs/msg/inference_result__type_support.cpp.o[0m
[7.629s] [ 36%] [32mBuilding CXX object CMakeFiles/yolov8_msgs__rosidl_typesupport_c.dir/rosidl_typesupport_c/yolov8_msgs/msg/yolov8_inference__type_support.cpp.o[0m
[7.671s] [ 38%] [32m[1mLinking CXX shared library libyolov8_msgs__rosidl_typesupport_c.so[0m
[7.733s] [ 38%] Built target yolov8_msgs__rosidl_typesupport_c
[7.752s] [ 40%] [34m[1mGenerating C introspection for ROS interfaces[0m
[8.052s] [ 43%] [32mBuilding C object CMakeFiles/yolov8_msgs__rosidl_typesupport_introspection_c.dir/rosidl_typesupport_introspection_c/yolov8_msgs/msg/detail/inference_result__type_support.c.o[0m
[8.114s] [ 45%] [32mBuilding C object CMakeFiles/yolov8_msgs__rosidl_typesupport_introspection_c.dir/rosidl_typesupport_introspection_c/yolov8_msgs/msg/detail/yolov8_inference__type_support.c.o[0m
[8.168s] [ 47%] [32m[1mLinking C shared library libyolov8_msgs__rosidl_typesupport_introspection_c.so[0m
[8.224s] [ 47%] Built target yolov8_msgs__rosidl_typesupport_introspection_c
[8.263s] [ 50%] [34m[1mGenerating C++ code for ROS interfaces[0m
[8.659s] [ 50%] Built target yolov8_msgs__cpp
[8.679s] [ 52%] [34m[1mGenerating C++ type support for eProsima Fast-RTPS[0m
[9.013s] [ 54%] [32mBuilding CXX object CMakeFiles/yolov8_msgs__rosidl_typesupport_fastrtps_cpp.dir/rosidl_typesupport_fastrtps_cpp/yolov8_msgs/msg/detail/dds_fastrtps/inference_result__type_support.cpp.o[0m
[9.450s] [ 56%] [32mBuilding CXX object CMakeFiles/yolov8_msgs__rosidl_typesupport_fastrtps_cpp.dir/rosidl_typesupport_fastrtps_cpp/yolov8_msgs/msg/detail/dds_fastrtps/yolov8_inference__type_support.cpp.o[0m
[9.894s] [ 59%] [32m[1mLinking CXX shared library libyolov8_msgs__rosidl_typesupport_fastrtps_cpp.so[0m
[9.967s] [ 59%] Built target yolov8_msgs__rosidl_typesupport_fastrtps_cpp
[9.978s] [ 61%] [34m[1mGenerating C++ type support dispatch for ROS interfaces[0m
[10.246s] [ 63%] [32mBuilding CXX object CMakeFiles/yolov8_msgs__rosidl_typesupport_cpp.dir/rosidl_typesupport_cpp/yolov8_msgs/msg/inference_result__type_support.cpp.o[0m
[10.532s] [ 65%] [32mBuilding CXX object CMakeFiles/yolov8_msgs__rosidl_typesupport_cpp.dir/rosidl_typesupport_cpp/yolov8_msgs/msg/yolov8_inference__type_support.cpp.o[0m
[10.806s] [ 68%] [32m[1mLinking CXX shared library libyolov8_msgs__rosidl_typesupport_cpp.so[0m
[10.869s] [ 68%] Built target yolov8_msgs__rosidl_typesupport_cpp
[10.888s] [ 70%] [34m[1mGenerating C++ introspection for ROS interfaces[0m
[11.175s] [ 72%] [32mBuilding CXX object CMakeFiles/yolov8_msgs__rosidl_typesupport_introspection_cpp.dir/rosidl_typesupport_introspection_cpp/yolov8_msgs/msg/detail/inference_result__type_support.cpp.o[0m
[11.476s] [ 75%] [32mBuilding CXX object CMakeFiles/yolov8_msgs__rosidl_typesupport_introspection_cpp.dir/rosidl_typesupport_introspection_cpp/yolov8_msgs/msg/detail/yolov8_inference__type_support.cpp.o[0m
[11.791s] [ 77%] [32m[1mLinking CXX shared library libyolov8_msgs__rosidl_typesupport_introspection_cpp.so[0m
[11.922s] [ 77%] Built target yolov8_msgs__rosidl_typesupport_introspection_cpp
[11.949s] [ 77%] Built target yolov8_msgs
[11.983s] [ 79%] [34m[1mGenerating Python code for ROS interfaces[0m
[12.390s] [ 79%] Built target yolov8_msgs__py
[12.428s] [ 81%] [32mBuilding C object CMakeFiles/yolov8_msgs__rosidl_generator_py.dir/rosidl_generator_py/yolov8_msgs/msg/_inference_result_s.c.o[0m
[12.570s] [ 84%] [32mBuilding C object CMakeFiles/yolov8_msgs__rosidl_generator_py.dir/rosidl_generator_py/yolov8_msgs/msg/_yolov8_inference_s.c.o[0m
[12.709s] [ 86%] [32m[1mLinking C shared library libyolov8_msgs__rosidl_generator_py.so[0m
[12.775s] [ 86%] Built target yolov8_msgs__rosidl_generator_py
[12.811s] [ 88%] [32mBuilding C object CMakeFiles/yolov8_msgs_s__rosidl_typesupport_fastrtps_c.dir/rosidl_generator_py/yolov8_msgs/_yolov8_msgs_s.ep.rosidl_typesupport_fastrtps_c.c.o[0m
[12.811s] [ 90%] [32mBuilding C object CMakeFiles/yolov8_msgs_s__rosidl_typesupport_introspection_c.dir/rosidl_generator_py/yolov8_msgs/_yolov8_msgs_s.ep.rosidl_typesupport_introspection_c.c.o[0m
[12.920s] [ 93%] [32m[1mLinking C shared module rosidl_generator_py/yolov8_msgs/yolov8_msgs_s__rosidl_typesupport_fastrtps_c.so[0m
[12.924s] [ 95%] [32m[1mLinking C shared module rosidl_generator_py/yolov8_msgs/yolov8_msgs_s__rosidl_typesupport_introspection_c.so[0m
[12.953s] [ 95%] Built target yolov8_msgs_s__rosidl_typesupport_fastrtps_c
[12.954s] [ 95%] Built target yolov8_msgs_s__rosidl_typesupport_introspection_c
[12.984s] [ 97%] [32mBuilding C object CMakeFiles/yolov8_msgs_s__rosidl_typesupport_c.dir/rosidl_generator_py/yolov8_msgs/_yolov8_msgs_s.ep.rosidl_typesupport_c.c.o[0m
[13.103s] [100%] [32m[1mLinking C shared module rosidl_generator_py/yolov8_msgs/yolov8_msgs_s__rosidl_typesupport_c.so[0m
[13.148s] [100%] Built target yolov8_msgs_s__rosidl_typesupport_c
[13.169s] Invoked command in '/home/davinci/ros2_simulation_ws/build/yolov8_msgs' returned '0': CMAKE_PREFIX_PATH=${CMAKE_PREFIX_PATH}:/home/davinci/ros3_ws/install/my_py_pkg:/opt/ros/jazzy DEBUGINFOD_URLS=https://debuginfod.ubuntu.com /usr/bin/cmake --build /home/davinci/ros2_simulation_ws/build/yolov8_msgs -- -j8 -l8
[13.171s] Invoking command in '/home/davinci/ros2_simulation_ws/build/yolov8_msgs': CMAKE_PREFIX_PATH=${CMAKE_PREFIX_PATH}:/home/davinci/ros3_ws/install/my_py_pkg:/opt/ros/jazzy DEBUGINFOD_URLS=https://debuginfod.ubuntu.com /usr/bin/cmake --install /home/davinci/ros2_simulation_ws/build/yolov8_msgs
[13.186s] -- Install configuration: ""
[13.187s] -- Installing: /home/davinci/ros2_simulation_ws/install/yolov8_msgs/share/ament_index/resource_index/rosidl_interfaces/yolov8_msgs
[13.187s] -- Installing: /home/davinci/ros2_simulation_ws/install/yolov8_msgs/share/yolov8_msgs/msg/InferenceResult.json
[13.187s] -- Installing: /home/davinci/ros2_simulation_ws/install/yolov8_msgs/share/yolov8_msgs/msg/Yolov8Inference.json
[13.188s] -- Installing: /home/davinci/ros2_simulation_ws/install/yolov8_msgs/include/yolov8_msgs/yolov8_msgs
[13.188s] -- Installing: /home/davinci/ros2_simulation_ws/install/yolov8_msgs/include/yolov8_msgs/yolov8_msgs/msg
[13.188s] -- Installing: /home/davinci/ros2_simulation_ws/install/yolov8_msgs/include/yolov8_msgs/yolov8_msgs/msg/inference_result.h
[13.188s] -- Installing: /home/davinci/ros2_simulation_ws/install/yolov8_msgs/include/yolov8_msgs/yolov8_msgs/msg/rosidl_generator_c__visibility_control.h
[13.188s] -- Installing: /home/davinci/ros2_simulation_ws/install/yolov8_msgs/include/yolov8_msgs/yolov8_msgs/msg/yolov8_inference.h
[13.188s] -- Installing: /home/davinci/ros2_simulation_ws/install/yolov8_msgs/include/yolov8_msgs/yolov8_msgs/msg/detail
[13.189s] -- Installing: /home/davinci/ros2_simulation_ws/install/yolov8_msgs/include/yolov8_msgs/yolov8_msgs/msg/detail/inference_result__description.c
[13.189s] -- Installing: /home/davinci/ros2_simulation_ws/install/yolov8_msgs/include/yolov8_msgs/yolov8_msgs/msg/detail/inference_result__struct.h
[13.189s] -- Installing: /home/davinci/ros2_simulation_ws/install/yolov8_msgs/include/yolov8_msgs/yolov8_msgs/msg/detail/yolov8_inference__functions.c
[13.189s] -- Installing: /home/davinci/ros2_simulation_ws/install/yolov8_msgs/include/yolov8_msgs/yolov8_msgs/msg/detail/yolov8_inference__description.c
[13.189s] -- Installing: /home/davinci/ros2_simulation_ws/install/yolov8_msgs/include/yolov8_msgs/yolov8_msgs/msg/detail/inference_result__functions.c
[13.189s] -- Installing: /home/davinci/ros2_simulation_ws/install/yolov8_msgs/include/yolov8_msgs/yolov8_msgs/msg/detail/inference_result__type_support.c
[13.190s] -- Installing: /home/davinci/ros2_simulation_ws/install/yolov8_msgs/include/yolov8_msgs/yolov8_msgs/msg/detail/yolov8_inference__struct.h
[13.190s] -- Installing: /home/davinci/ros2_simulation_ws/install/yolov8_msgs/include/yolov8_msgs/yolov8_msgs/msg/detail/inference_result__type_support.h
[13.190s] -- Installing: /home/davinci/ros2_simulation_ws/install/yolov8_msgs/include/yolov8_msgs/yolov8_msgs/msg/detail/yolov8_inference__functions.h
[13.190s] -- Installing: /home/davinci/ros2_simulation_ws/install/yolov8_msgs/include/yolov8_msgs/yolov8_msgs/msg/detail/yolov8_inference__type_support.c
[13.190s] -- Installing: /home/davinci/ros2_simulation_ws/install/yolov8_msgs/include/yolov8_msgs/yolov8_msgs/msg/detail/yolov8_inference__type_support.h
[13.190s] -- Installing: /home/davinci/ros2_simulation_ws/install/yolov8_msgs/include/yolov8_msgs/yolov8_msgs/msg/detail/inference_result__functions.h
[13.190s] -- Installing: /home/davinci/ros2_simulation_ws/install/yolov8_msgs/share/yolov8_msgs/environment/library_path.sh
[13.191s] -- Installing: /home/davinci/ros2_simulation_ws/install/yolov8_msgs/share/yolov8_msgs/environment/library_path.dsv
[13.191s] -- Installing: /home/davinci/ros2_simulation_ws/install/yolov8_msgs/lib/libyolov8_msgs__rosidl_generator_c.so
[13.191s] -- Set non-toolchain portion of runtime path of "/home/davinci/ros2_simulation_ws/install/yolov8_msgs/lib/libyolov8_msgs__rosidl_generator_c.so" to ""
[13.191s] -- Up-to-date: /home/davinci/ros2_simulation_ws/install/yolov8_msgs/include/yolov8_msgs/yolov8_msgs
[13.191s] -- Up-to-date: /home/davinci/ros2_simulation_ws/install/yolov8_msgs/include/yolov8_msgs/yolov8_msgs/msg
[13.192s] -- Installing: /home/davinci/ros2_simulation_ws/install/yolov8_msgs/include/yolov8_msgs/yolov8_msgs/msg/rosidl_typesupport_fastrtps_c__visibility_control.h
[13.192s] -- Up-to-date: /home/davinci/ros2_simulation_ws/install/yolov8_msgs/include/yolov8_msgs/yolov8_msgs/msg/detail
[13.192s] -- Installing: /home/davinci/ros2_simulation_ws/install/yolov8_msgs/include/yolov8_msgs/yolov8_msgs/msg/detail/inference_result__rosidl_typesupport_fastrtps_c.h
[13.192s] -- Installing: /home/davinci/ros2_simulation_ws/install/yolov8_msgs/include/yolov8_msgs/yolov8_msgs/msg/detail/yolov8_inference__rosidl_typesupport_fastrtps_c.h
[13.192s] -- Installing: /home/davinci/ros2_simulation_ws/install/yolov8_msgs/lib/libyolov8_msgs__rosidl_typesupport_fastrtps_c.so
[13.192s] -- Set non-toolchain portion of runtime path of "/home/davinci/ros2_simulation_ws/install/yolov8_msgs/lib/libyolov8_msgs__rosidl_typesupport_fastrtps_c.so" to ""
[13.192s] -- Up-to-date: /home/davinci/ros2_simulation_ws/install/yolov8_msgs/include/yolov8_msgs/yolov8_msgs
[13.192s] -- Up-to-date: /home/davinci/ros2_simulation_ws/install/yolov8_msgs/include/yolov8_msgs/yolov8_msgs/msg
[13.193s] -- Installing: /home/davinci/ros2_simulation_ws/install/yolov8_msgs/include/yolov8_msgs/yolov8_msgs/msg/inference_result.hpp
[13.193s] -- Installing: /home/davinci/ros2_simulation_ws/install/yolov8_msgs/include/yolov8_msgs/yolov8_msgs/msg/rosidl_generator_cpp__visibility_control.hpp
[13.193s] -- Up-to-date: /home/davinci/ros2_simulation_ws/install/yolov8_msgs/include/yolov8_msgs/yolov8_msgs/msg/detail
[13.193s] -- Installing: /home/davinci/ros2_simulation_ws/install/yolov8_msgs/include/yolov8_msgs/yolov8_msgs/msg/detail/yolov8_inference__struct.hpp
[13.193s] -- Installing: /home/davinci/ros2_simulation_ws/install/yolov8_msgs/include/yolov8_msgs/yolov8_msgs/msg/detail/yolov8_inference__builder.hpp
[13.193s] -- Installing: /home/davinci/ros2_simulation_ws/install/yolov8_msgs/include/yolov8_msgs/yolov8_msgs/msg/detail/yolov8_inference__traits.hpp
[13.193s] -- Installing: /home/davinci/ros2_simulation_ws/install/yolov8_msgs/include/yolov8_msgs/yolov8_msgs/msg/detail/inference_result__builder.hpp
[13.193s] -- Installing: /home/davinci/ros2_simulation_ws/install/yolov8_msgs/include/yolov8_msgs/yolov8_msgs/msg/detail/inference_result__struct.hpp
[13.193s] -- Installing: /home/davinci/ros2_simulation_ws/install/yolov8_msgs/include/yolov8_msgs/yolov8_msgs/msg/detail/inference_result__traits.hpp
[13.193s] -- Installing: /home/davinci/ros2_simulation_ws/install/yolov8_msgs/include/yolov8_msgs/yolov8_msgs/msg/detail/inference_result__type_support.hpp
[13.193s] -- Installing: /home/davinci/ros2_simulation_ws/install/yolov8_msgs/include/yolov8_msgs/yolov8_msgs/msg/detail/yolov8_inference__type_support.hpp
[13.193s] -- Installing: /home/davinci/ros2_simulation_ws/install/yolov8_msgs/include/yolov8_msgs/yolov8_msgs/msg/yolov8_inference.hpp
[13.193s] -- Up-to-date: /home/davinci/ros2_simulation_ws/install/yolov8_msgs/include/yolov8_msgs/yolov8_msgs
[13.193s] -- Up-to-date: /home/davinci/ros2_simulation_ws/install/yolov8_msgs/include/yolov8_msgs/yolov8_msgs/msg
[13.194s] -- Up-to-date: /home/davinci/ros2_simulation_ws/install/yolov8_msgs/include/yolov8_msgs/yolov8_msgs/msg/detail
[13.194s] -- Installing: /home/davinci/ros2_simulation_ws/install/yolov8_msgs/include/yolov8_msgs/yolov8_msgs/msg/detail/inference_result__rosidl_typesupport_fastrtps_cpp.hpp
[13.194s] -- Installing: /home/davinci/ros2_simulation_ws/install/yolov8_msgs/include/yolov8_msgs/yolov8_msgs/msg/detail/dds_fastrtps
[13.194s] -- Installing: /home/davinci/ros2_simulation_ws/install/yolov8_msgs/include/yolov8_msgs/yolov8_msgs/msg/detail/yolov8_inference__rosidl_typesupport_fastrtps_cpp.hpp
[13.194s] -- Installing: /home/davinci/ros2_simulation_ws/install/yolov8_msgs/include/yolov8_msgs/yolov8_msgs/msg/rosidl_typesupport_fastrtps_cpp__visibility_control.h
[13.194s] -- Installing: /home/davinci/ros2_simulation_ws/install/yolov8_msgs/lib/libyolov8_msgs__rosidl_typesupport_fastrtps_cpp.so
[13.194s] -- Set non-toolchain portion of runtime path of "/home/davinci/ros2_simulation_ws/install/yolov8_msgs/lib/libyolov8_msgs__rosidl_typesupport_fastrtps_cpp.so" to ""
[13.194s] -- Up-to-date: /home/davinci/ros2_simulation_ws/install/yolov8_msgs/include/yolov8_msgs/yolov8_msgs
[13.194s] -- Up-to-date: /home/davinci/ros2_simulation_ws/install/yolov8_msgs/include/yolov8_msgs/yolov8_msgs/msg
[13.194s] -- Installing: /home/davinci/ros2_simulation_ws/install/yolov8_msgs/include/yolov8_msgs/yolov8_msgs/msg/rosidl_typesupport_introspection_c__visibility_control.h
[13.194s] -- Up-to-date: /home/davinci/ros2_simulation_ws/install/yolov8_msgs/include/yolov8_msgs/yolov8_msgs/msg/detail
[13.194s] -- Installing: /home/davinci/ros2_simulation_ws/install/yolov8_msgs/include/yolov8_msgs/yolov8_msgs/msg/detail/inference_result__rosidl_typesupport_introspection_c.h
[13.194s] -- Installing: /home/davinci/ros2_simulation_ws/install/yolov8_msgs/include/yolov8_msgs/yolov8_msgs/msg/detail/inference_result__type_support.c
[13.194s] -- Installing: /home/davinci/ros2_simulation_ws/install/yolov8_msgs/include/yolov8_msgs/yolov8_msgs/msg/detail/yolov8_inference__rosidl_typesupport_introspection_c.h
[13.194s] -- Installing: /home/davinci/ros2_simulation_ws/install/yolov8_msgs/include/yolov8_msgs/yolov8_msgs/msg/detail/yolov8_inference__type_support.c
[13.195s] -- Installing: /home/davinci/ros2_simulation_ws/install/yolov8_msgs/lib/libyolov8_msgs__rosidl_typesupport_introspection_c.so
[13.195s] -- Set non-toolchain portion of runtime path of "/home/davinci/ros2_simulation_ws/install/yolov8_msgs/lib/libyolov8_msgs__rosidl_typesupport_introspection_c.so" to ""
[13.195s] -- Installing: /home/davinci/ros2_simulation_ws/install/yolov8_msgs/lib/libyolov8_msgs__rosidl_typesupport_c.so
[13.195s] -- Set non-toolchain portion of runtime path of "/home/davinci/ros2_simulation_ws/install/yolov8_msgs/lib/libyolov8_msgs__rosidl_typesupport_c.so" to ""
[13.195s] -- Up-to-date: /home/davinci/ros2_simulation_ws/install/yolov8_msgs/include/yolov8_msgs/yolov8_msgs
[13.195s] -- Up-to-date: /home/davinci/ros2_simulation_ws/install/yolov8_msgs/include/yolov8_msgs/yolov8_msgs/msg
[13.195s] -- Up-to-date: /home/davinci/ros2_simulation_ws/install/yolov8_msgs/include/yolov8_msgs/yolov8_msgs/msg/detail
[13.195s] -- Installing: /home/davinci/ros2_simulation_ws/install/yolov8_msgs/include/yolov8_msgs/yolov8_msgs/msg/detail/yolov8_inference__rosidl_typesupport_introspection_cpp.hpp
[13.195s] -- Installing: /home/davinci/ros2_simulation_ws/install/yolov8_msgs/include/yolov8_msgs/yolov8_msgs/msg/detail/yolov8_inference__type_support.cpp
[13.195s] -- Installing: /home/davinci/ros2_simulation_ws/install/yolov8_msgs/include/yolov8_msgs/yolov8_msgs/msg/detail/inference_result__rosidl_typesupport_introspection_cpp.hpp
[13.195s] -- Installing: /home/davinci/ros2_simulation_ws/install/yolov8_msgs/include/yolov8_msgs/yolov8_msgs/msg/detail/inference_result__type_support.cpp
[13.195s] -- Installing: /home/davinci/ros2_simulation_ws/install/yolov8_msgs/lib/libyolov8_msgs__rosidl_typesupport_introspection_cpp.so
[13.195s] -- Set non-toolchain portion of runtime path of "/home/davinci/ros2_simulation_ws/install/yolov8_msgs/lib/libyolov8_msgs__rosidl_typesupport_introspection_cpp.so" to ""
[13.195s] -- Installing: /home/davinci/ros2_simulation_ws/install/yolov8_msgs/lib/libyolov8_msgs__rosidl_typesupport_cpp.so
[13.196s] -- Set non-toolchain portion of runtime path of "/home/davinci/ros2_simulation_ws/install/yolov8_msgs/lib/libyolov8_msgs__rosidl_typesupport_cpp.so" to ""
[13.196s] -- Installing: /home/davinci/ros2_simulation_ws/install/yolov8_msgs/share/yolov8_msgs/environment/pythonpath.sh
[13.196s] -- Installing: /home/davinci/ros2_simulation_ws/install/yolov8_msgs/share/yolov8_msgs/environment/pythonpath.dsv
[13.196s] -- Installing: /home/davinci/ros2_simulation_ws/install/yolov8_msgs/lib/python3.12/site-packages/yolov8_msgs-0.0.0-py3.12.egg-info
[13.196s] -- Installing: /home/davinci/ros2_simulation_ws/install/yolov8_msgs/lib/python3.12/site-packages/yolov8_msgs-0.0.0-py3.12.egg-info/top_level.txt
[13.196s] -- Installing: /home/davinci/ros2_simulation_ws/install/yolov8_msgs/lib/python3.12/site-packages/yolov8_msgs-0.0.0-py3.12.egg-info/PKG-INFO
[13.196s] -- Installing: /home/davinci/ros2_simulation_ws/install/yolov8_msgs/lib/python3.12/site-packages/yolov8_msgs-0.0.0-py3.12.egg-info/dependency_links.txt
[13.196s] -- Installing: /home/davinci/ros2_simulation_ws/install/yolov8_msgs/lib/python3.12/site-packages/yolov8_msgs-0.0.0-py3.12.egg-info/SOURCES.txt
[13.196s] -- Installing: /home/davinci/ros2_simulation_ws/install/yolov8_msgs/lib/python3.12/site-packages/yolov8_msgs
[13.196s] -- Installing: /home/davinci/ros2_simulation_ws/install/yolov8_msgs/lib/python3.12/site-packages/yolov8_msgs/yolov8_msgs_s__rosidl_typesupport_c.so
[13.196s] -- Installing: /home/davinci/ros2_simulation_ws/install/yolov8_msgs/lib/python3.12/site-packages/yolov8_msgs/_yolov8_msgs_s.ep.rosidl_typesupport_fastrtps_c.c
[13.196s] -- Installing: /home/davinci/ros2_simulation_ws/install/yolov8_msgs/lib/python3.12/site-packages/yolov8_msgs/msg
[13.196s] -- Installing: /home/davinci/ros2_simulation_ws/install/yolov8_msgs/lib/python3.12/site-packages/yolov8_msgs/msg/_inference_result_s.c
[13.197s] -- Installing: /home/davinci/ros2_simulation_ws/install/yolov8_msgs/lib/python3.12/site-packages/yolov8_msgs/msg/_yolov8_inference.py
[13.197s] -- Installing: /home/davinci/ros2_simulation_ws/install/yolov8_msgs/lib/python3.12/site-packages/yolov8_msgs/msg/__init__.py
[13.197s] -- Installing: /home/davinci/ros2_simulation_ws/install/yolov8_msgs/lib/python3.12/site-packages/yolov8_msgs/msg/_yolov8_inference_s.c
[13.197s] -- Installing: /home/davinci/ros2_simulation_ws/install/yolov8_msgs/lib/python3.12/site-packages/yolov8_msgs/msg/_inference_result.py
[13.197s] -- Installing: /home/davinci/ros2_simulation_ws/install/yolov8_msgs/lib/python3.12/site-packages/yolov8_msgs/yolov8_msgs_s__rosidl_typesupport_fastrtps_c.so
[13.197s] -- Installing: /home/davinci/ros2_simulation_ws/install/yolov8_msgs/lib/python3.12/site-packages/yolov8_msgs/_yolov8_msgs_s.ep.rosidl_typesupport_introspection_c.c
[13.197s] -- Installing: /home/davinci/ros2_simulation_ws/install/yolov8_msgs/lib/python3.12/site-packages/yolov8_msgs/__init__.py
[13.197s] -- Installing: /home/davinci/ros2_simulation_ws/install/yolov8_msgs/lib/python3.12/site-packages/yolov8_msgs/_yolov8_msgs_s.ep.rosidl_typesupport_c.c
[13.197s] -- Installing: /home/davinci/ros2_simulation_ws/install/yolov8_msgs/lib/python3.12/site-packages/yolov8_msgs/yolov8_msgs_s__rosidl_typesupport_introspection_c.so
[13.259s] Listing '/home/davinci/ros2_simulation_ws/install/yolov8_msgs/lib/python3.12/site-packages/yolov8_msgs'...
[13.259s] Compiling '/home/davinci/ros2_simulation_ws/install/yolov8_msgs/lib/python3.12/site-packages/yolov8_msgs/__init__.py'...
[13.259s] Listing '/home/davinci/ros2_simulation_ws/install/yolov8_msgs/lib/python3.12/site-packages/yolov8_msgs/msg'...
[13.259s] Compiling '/home/davinci/ros2_simulation_ws/install/yolov8_msgs/lib/python3.12/site-packages/yolov8_msgs/msg/__init__.py'...
[13.259s] Compiling '/home/davinci/ros2_simulation_ws/install/yolov8_msgs/lib/python3.12/site-packages/yolov8_msgs/msg/_inference_result.py'...
[13.259s] Compiling '/home/davinci/ros2_simulation_ws/install/yolov8_msgs/lib/python3.12/site-packages/yolov8_msgs/msg/_yolov8_inference.py'...
[13.265s] -- Installing: /home/davinci/ros2_simulation_ws/install/yolov8_msgs/lib/python3.12/site-packages/yolov8_msgs/yolov8_msgs_s__rosidl_typesupport_fastrtps_c.so
[13.265s] -- Set non-toolchain portion of runtime path of "/home/davinci/ros2_simulation_ws/install/yolov8_msgs/lib/python3.12/site-packages/yolov8_msgs/yolov8_msgs_s__rosidl_typesupport_fastrtps_c.so" to ""
[13.265s] -- Installing: /home/davinci/ros2_simulation_ws/install/yolov8_msgs/lib/python3.12/site-packages/yolov8_msgs/yolov8_msgs_s__rosidl_typesupport_introspection_c.so
[13.265s] -- Set non-toolchain portion of runtime path of "/home/davinci/ros2_simulation_ws/install/yolov8_msgs/lib/python3.12/site-packages/yolov8_msgs/yolov8_msgs_s__rosidl_typesupport_introspection_c.so" to ""
[13.265s] -- Installing: /home/davinci/ros2_simulation_ws/install/yolov8_msgs/lib/python3.12/site-packages/yolov8_msgs/yolov8_msgs_s__rosidl_typesupport_c.so
[13.266s] -- Set non-toolchain portion of runtime path of "/home/davinci/ros2_simulation_ws/install/yolov8_msgs/lib/python3.12/site-packages/yolov8_msgs/yolov8_msgs_s__rosidl_typesupport_c.so" to ""
[13.266s] -- Installing: /home/davinci/ros2_simulation_ws/install/yolov8_msgs/lib/libyolov8_msgs__rosidl_generator_py.so
[13.266s] -- Set non-toolchain portion of runtime path of "/home/davinci/ros2_simulation_ws/install/yolov8_msgs/lib/libyolov8_msgs__rosidl_generator_py.so" to ""
[13.266s] -- Installing: /home/davinci/ros2_simulation_ws/install/yolov8_msgs/share/yolov8_msgs/msg/InferenceResult.idl
[13.266s] -- Installing: /home/davinci/ros2_simulation_ws/install/yolov8_msgs/share/yolov8_msgs/msg/Yolov8Inference.idl
[13.266s] -- Installing: /home/davinci/ros2_simulation_ws/install/yolov8_msgs/share/yolov8_msgs/msg/InferenceResult.msg
[13.267s] -- Installing: /home/davinci/ros2_simulation_ws/install/yolov8_msgs/share/yolov8_msgs/msg/Yolov8Inference.msg
[13.267s] -- Installing: /home/davinci/ros2_simulation_ws/install/yolov8_msgs/share/ament_index/resource_index/package_run_dependencies/yolov8_msgs
[13.267s] -- Installing: /home/davinci/ros2_simulation_ws/install/yolov8_msgs/share/ament_index/resource_index/parent_prefix_path/yolov8_msgs
[13.267s] -- Installing: /home/davinci/ros2_simulation_ws/install/yolov8_msgs/share/yolov8_msgs/environment/ament_prefix_path.sh
[13.267s] -- Installing: /home/davinci/ros2_simulation_ws/install/yolov8_msgs/share/yolov8_msgs/environment/ament_prefix_path.dsv
[13.267s] -- Installing: /home/davinci/ros2_simulation_ws/install/yolov8_msgs/share/yolov8_msgs/environment/path.sh
[13.267s] -- Installing: /home/davinci/ros2_simulation_ws/install/yolov8_msgs/share/yolov8_msgs/environment/path.dsv
[13.267s] -- Installing: /home/davinci/ros2_simulation_ws/install/yolov8_msgs/share/yolov8_msgs/local_setup.bash
[13.268s] -- Installing: /home/davinci/ros2_simulation_ws/install/yolov8_msgs/share/yolov8_msgs/local_setup.sh
[13.268s] -- Installing: /home/davinci/ros2_simulation_ws/install/yolov8_msgs/share/yolov8_msgs/local_setup.zsh
[13.268s] -- Installing: /home/davinci/ros2_simulation_ws/install/yolov8_msgs/share/yolov8_msgs/local_setup.dsv
[13.268s] -- Installing: /home/davinci/ros2_simulation_ws/install/yolov8_msgs/share/yolov8_msgs/package.dsv
[13.268s] -- Installing: /home/davinci/ros2_simulation_ws/install/yolov8_msgs/share/ament_index/resource_index/packages/yolov8_msgs
[13.268s] -- Installing: /home/davinci/ros2_simulation_ws/install/yolov8_msgs/share/yolov8_msgs/cmake/export_yolov8_msgs__rosidl_generator_cExport.cmake
[13.268s] -- Installing: /home/davinci/ros2_simulation_ws/install/yolov8_msgs/share/yolov8_msgs/cmake/export_yolov8_msgs__rosidl_generator_cExport-noconfig.cmake
[13.268s] -- Installing: /home/davinci/ros2_simulation_ws/install/yolov8_msgs/share/yolov8_msgs/cmake/export_yolov8_msgs__rosidl_typesupport_fastrtps_cExport.cmake
[13.269s] -- Installing: /home/davinci/ros2_simulation_ws/install/yolov8_msgs/share/yolov8_msgs/cmake/export_yolov8_msgs__rosidl_typesupport_fastrtps_cExport-noconfig.cmake
[13.269s] -- Installing: /home/davinci/ros2_simulation_ws/install/yolov8_msgs/share/yolov8_msgs/cmake/export_yolov8_msgs__rosidl_generator_cppExport.cmake
[13.269s] -- Installing: /home/davinci/ros2_simulation_ws/install/yolov8_msgs/share/yolov8_msgs/cmake/export_yolov8_msgs__rosidl_typesupport_fastrtps_cppExport.cmake
[13.269s] -- Installing: /home/davinci/ros2_simulation_ws/install/yolov8_msgs/share/yolov8_msgs/cmake/export_yolov8_msgs__rosidl_typesupport_fastrtps_cppExport-noconfig.cmake
[13.269s] -- Installing: /home/davinci/ros2_simulation_ws/install/yolov8_msgs/share/yolov8_msgs/cmake/yolov8_msgs__rosidl_typesupport_introspection_cExport.cmake
[13.269s] -- Installing: /home/davinci/ros2_simulation_ws/install/yolov8_msgs/share/yolov8_msgs/cmake/yolov8_msgs__rosidl_typesupport_introspection_cExport-noconfig.cmake
[13.269s] -- Installing: /home/davinci/ros2_simulation_ws/install/yolov8_msgs/share/yolov8_msgs/cmake/yolov8_msgs__rosidl_typesupport_cExport.cmake
[13.269s] -- Installing: /home/davinci/ros2_simulation_ws/install/yolov8_msgs/share/yolov8_msgs/cmake/yolov8_msgs__rosidl_typesupport_cExport-noconfig.cmake
[13.270s] -- Installing: /home/davinci/ros2_simulation_ws/install/yolov8_msgs/share/yolov8_msgs/cmake/yolov8_msgs__rosidl_typesupport_introspection_cppExport.cmake
[13.270s] -- Installing: /home/davinci/ros2_simulation_ws/install/yolov8_msgs/share/yolov8_msgs/cmake/yolov8_msgs__rosidl_typesupport_introspection_cppExport-noconfig.cmake
[13.270s] -- Installing: /home/davinci/ros2_simulation_ws/install/yolov8_msgs/share/yolov8_msgs/cmake/yolov8_msgs__rosidl_typesupport_cppExport.cmake
[13.270s] -- Installing: /home/davinci/ros2_simulation_ws/install/yolov8_msgs/share/yolov8_msgs/cmake/yolov8_msgs__rosidl_typesupport_cppExport-noconfig.cmake
[13.270s] -- Installing: /home/davinci/ros2_simulation_ws/install/yolov8_msgs/share/yolov8_msgs/cmake/export_yolov8_msgs__rosidl_generator_pyExport.cmake
[13.270s] -- Installing: /home/davinci/ros2_simulation_ws/install/yolov8_msgs/share/yolov8_msgs/cmake/export_yolov8_msgs__rosidl_generator_pyExport-noconfig.cmake
[13.270s] -- Installing: /home/davinci/ros2_simulation_ws/install/yolov8_msgs/share/yolov8_msgs/cmake/rosidl_cmake-extras.cmake
[13.270s] -- Installing: /home/davinci/ros2_simulation_ws/install/yolov8_msgs/share/yolov8_msgs/cmake/ament_cmake_export_dependencies-extras.cmake
[13.270s] -- Installing: /home/davinci/ros2_simulation_ws/install/yolov8_msgs/share/yolov8_msgs/cmake/ament_cmake_export_include_directories-extras.cmake
[13.271s] -- Installing: /home/davinci/ros2_simulation_ws/install/yolov8_msgs/share/yolov8_msgs/cmake/ament_cmake_export_libraries-extras.cmake
[13.271s] -- Installing: /home/davinci/ros2_simulation_ws/install/yolov8_msgs/share/yolov8_msgs/cmake/ament_cmake_export_targets-extras.cmake
[13.271s] -- Installing: /home/davinci/ros2_simulation_ws/install/yolov8_msgs/share/yolov8_msgs/cmake/rosidl_cmake_export_typesupport_targets-extras.cmake
[13.271s] -- Installing: /home/davinci/ros2_simulation_ws/install/yolov8_msgs/share/yolov8_msgs/cmake/rosidl_cmake_export_typesupport_libraries-extras.cmake
[13.271s] -- Installing: /home/davinci/ros2_simulation_ws/install/yolov8_msgs/share/yolov8_msgs/cmake/yolov8_msgsConfig.cmake
[13.271s] -- Installing: /home/davinci/ros2_simulation_ws/install/yolov8_msgs/share/yolov8_msgs/cmake/yolov8_msgsConfig-version.cmake
[13.271s] -- Installing: /home/davinci/ros2_simulation_ws/install/yolov8_msgs/share/yolov8_msgs/package.xml
[13.274s] Invoked command in '/home/davinci/ros2_simulation_ws/build/yolov8_msgs' returned '0': CMAKE_PREFIX_PATH=${CMAKE_PREFIX_PATH}:/home/davinci/ros3_ws/install/my_py_pkg:/opt/ros/jazzy DEBUGINFOD_URLS=https://debuginfod.ubuntu.com /usr/bin/cmake --install /home/davinci/ros2_simulation_ws/build/yolov8_msgs
