-- The C compiler identification is GNU 13.3.0
-- The CXX compiler identification is GNU 13.3.0
-- Detecting C compiler ABI info
-- Detecting C compiler ABI info - done
-- Check for working C compiler: /usr/bin/cc - skipped
-- Detecting C compile features
-- Detecting C compile features - done
-- Detecting CXX compiler ABI info
-- Detecting CXX compiler ABI info - done
-- Check for working CXX compiler: /usr/bin/c++ - skipped
-- Detecting CXX compile features
-- Detecting CXX compile features - done
-- Found ament_cmake: 2.5.4 (/opt/ros/jazzy/share/ament_cmake/cmake)
-- Found Python3: /usr/bin/python3 (found version "3.12.3") found components: Interpreter 
-- Found ament_lint_auto: 0.17.2 (/opt/ros/jazzy/share/ament_lint_auto/cmake)
-- Added test 'copyright' to check source files copyright and LICENSE
-- Added test 'flake8' to check Python code syntax and style conventions
-- Configured 'flake8' exclude dirs and/or files: 
-- Added test 'lint_cmake' to check CMake code style
-- Added test 'pep257' to check Python code against some of the docstring style conventions in PEP 257
-- Added test 'xmllint' to check XML markup files
-- Configuring done (0.8s)
-- Generating done (0.0s)
-- Build files have been written to: /home/davinci/ros2_simulation_ws/build/yolobot_recognition
-- Install configuration: ""
-- Installing: /home/davinci/ros2_simulation_ws/install/yolobot_recognition/share/yolobot_recognition//scripts
-- Installing: /home/davinci/ros2_simulation_ws/install/yolobot_recognition/share/yolobot_recognition//scripts/.gitignore
-- Installing: /home/davinci/ros2_simulation_ws/install/yolobot_recognition/share/yolobot_recognition//scripts/yolov8_ros2_pt.py
-- Installing: /home/davinci/ros2_simulation_ws/install/yolobot_recognition/share/yolobot_recognition//scripts/.dockerignore
-- Installing: /home/davinci/ros2_simulation_ws/install/yolobot_recognition/share/yolobot_recognition//scripts/yolov8n
-- Installing: /home/davinci/ros2_simulation_ws/install/yolobot_recognition/share/yolobot_recognition//scripts/yolov8n/data.pkl
-- Installing: /home/davinci/ros2_simulation_ws/install/yolobot_recognition/share/yolobot_recognition//scripts/yolov8n/data
-- Installing: /home/davinci/ros2_simulation_ws/install/yolobot_recognition/share/yolobot_recognition//scripts/yolov8n/data/297
-- Installing: /home/davinci/ros2_simulation_ws/install/yolobot_recognition/share/yolobot_recognition//scripts/yolov8n/data/77
-- Installing: /home/davinci/ros2_simulation_ws/install/yolobot_recognition/share/yolobot_recognition//scripts/yolov8n/data/237
-- Installing: /home/davinci/ros2_simulation_ws/install/yolobot_recognition/share/yolobot_recognition//scripts/yolov8n/data/191
-- Installing: /home/davinci/ros2_simulation_ws/install/yolobot_recognition/share/yolobot_recognition//scripts/yolov8n/data/334
-- Installing: /home/davinci/ros2_simulation_ws/install/yolobot_recognition/share/yolobot_recognition//scripts/yolov8n/data/238
-- Installing: /home/davinci/ros2_simulation_ws/install/yolobot_recognition/share/yolobot_recognition//scripts/yolov8n/data/341
-- Installing: /home/davinci/ros2_simulation_ws/install/yolobot_recognition/share/yolobot_recognition//scripts/yolov8n/data/240
-- Installing: /home/davinci/ros2_simulation_ws/install/yolobot_recognition/share/yolobot_recognition//scripts/yolov8n/data/122
-- Installing: /home/davinci/ros2_simulation_ws/install/yolobot_recognition/share/yolobot_recognition//scripts/yolov8n/data/49
-- Installing: /home/davinci/ros2_simulation_ws/install/yolobot_recognition/share/yolobot_recognition//scripts/yolov8n/data/62
-- Installing: /home/davinci/ros2_simulation_ws/install/yolobot_recognition/share/yolobot_recognition//scripts/yolov8n/data/299
-- Installing: /home/davinci/ros2_simulation_ws/install/yolobot_recognition/share/yolobot_recognition//scripts/yolov8n/data/357
-- Installing: /home/davinci/ros2_simulation_ws/install/yolobot_recognition/share/yolobot_recognition//scripts/yolov8n/data/306
-- Installing: /home/davinci/ros2_simulation_ws/install/yolobot_recognition/share/yolobot_recognition//scripts/yolov8n/data/45
-- Installing: /home/davinci/ros2_simulation_ws/install/yolobot_recognition/share/yolobot_recognition//scripts/yolov8n/data/217
-- Installing: /home/davinci/ros2_simulation_ws/install/yolobot_recognition/share/yolobot_recognition//scripts/yolov8n/data/213
-- Installing: /home/davinci/ros2_simulation_ws/install/yolobot_recognition/share/yolobot_recognition//scripts/yolov8n/data/126
-- Installing: /home/davinci/ros2_simulation_ws/install/yolobot_recognition/share/yolobot_recognition//scripts/yolov8n/data/163
-- Installing: /home/davinci/ros2_simulation_ws/install/yolobot_recognition/share/yolobot_recognition//scripts/yolov8n/data/95
-- Installing: /home/davinci/ros2_simulation_ws/install/yolobot_recognition/share/yolobot_recognition//scripts/yolov8n/data/15
-- Installing: /home/davinci/ros2_simulation_ws/install/yolobot_recognition/share/yolobot_recognition//scripts/yolov8n/data/350
-- Installing: /home/davinci/ros2_simulation_ws/install/yolobot_recognition/share/yolobot_recognition//scripts/yolov8n/data/239
-- Installing: /home/davinci/ros2_simulation_ws/install/yolobot_recognition/share/yolobot_recognition//scripts/yolov8n/data/278
-- Installing: /home/davinci/ros2_simulation_ws/install/yolobot_recognition/share/yolobot_recognition//scripts/yolov8n/data/187
-- Installing: /home/davinci/ros2_simulation_ws/install/yolobot_recognition/share/yolobot_recognition//scripts/yolov8n/data/315
-- Installing: /home/davinci/ros2_simulation_ws/install/yolobot_recognition/share/yolobot_recognition//scripts/yolov8n/data/324
-- Installing: /home/davinci/ros2_simulation_ws/install/yolobot_recognition/share/yolobot_recognition//scripts/yolov8n/data/87
-- Installing: /home/davinci/ros2_simulation_ws/install/yolobot_recognition/share/yolobot_recognition//scripts/yolov8n/data/200
-- Installing: /home/davinci/ros2_simulation_ws/install/yolobot_recognition/share/yolobot_recognition//scripts/yolov8n/data/342
-- Installing: /home/davinci/ros2_simulation_ws/install/yolobot_recognition/share/yolobot_recognition//scripts/yolov8n/data/332
-- Installing: /home/davinci/ros2_simulation_ws/install/yolobot_recognition/share/yolobot_recognition//scripts/yolov8n/data/1
-- Installing: /home/davinci/ros2_simulation_ws/install/yolobot_recognition/share/yolobot_recognition//scripts/yolov8n/data/353
-- Installing: /home/davinci/ros2_simulation_ws/install/yolobot_recognition/share/yolobot_recognition//scripts/yolov8n/data/17
-- Installing: /home/davinci/ros2_simulation_ws/install/yolobot_recognition/share/yolobot_recognition//scripts/yolov8n/data/121
-- Installing: /home/davinci/ros2_simulation_ws/install/yolobot_recognition/share/yolobot_recognition//scripts/yolov8n/data/128
-- Installing: /home/davinci/ros2_simulation_ws/install/yolobot_recognition/share/yolobot_recognition//scripts/yolov8n/data/223
-- Installing: /home/davinci/ros2_simulation_ws/install/yolobot_recognition/share/yolobot_recognition//scripts/yolov8n/data/269
-- Installing: /home/davinci/ros2_simulation_ws/install/yolobot_recognition/share/yolobot_recognition//scripts/yolov8n/data/276
-- Installing: /home/davinci/ros2_simulation_ws/install/yolobot_recognition/share/yolobot_recognition//scripts/yolov8n/data/233
-- Installing: /home/davinci/ros2_simulation_ws/install/yolobot_recognition/share/yolobot_recognition//scripts/yolov8n/data/245
-- Installing: /home/davinci/ros2_simulation_ws/install/yolobot_recognition/share/yolobot_recognition//scripts/yolov8n/data/227
-- Installing: /home/davinci/ros2_simulation_ws/install/yolobot_recognition/share/yolobot_recognition//scripts/yolov8n/data/73
-- Installing: /home/davinci/ros2_simulation_ws/install/yolobot_recognition/share/yolobot_recognition//scripts/yolov8n/data/263
-- Installing: /home/davinci/ros2_simulation_ws/install/yolobot_recognition/share/yolobot_recognition//scripts/yolov8n/data/111
-- Installing: /home/davinci/ros2_simulation_ws/install/yolobot_recognition/share/yolobot_recognition//scripts/yolov8n/data/11
-- Installing: /home/davinci/ros2_simulation_ws/install/yolobot_recognition/share/yolobot_recognition//scripts/yolov8n/data/41
-- Installing: /home/davinci/ros2_simulation_ws/install/yolobot_recognition/share/yolobot_recognition//scripts/yolov8n/data/79
-- Installing: /home/davinci/ros2_simulation_ws/install/yolobot_recognition/share/yolobot_recognition//scripts/yolov8n/data/130
-- Installing: /home/davinci/ros2_simulation_ws/install/yolobot_recognition/share/yolobot_recognition//scripts/yolov8n/data/301
-- Installing: /home/davinci/ros2_simulation_ws/install/yolobot_recognition/share/yolobot_recognition//scripts/yolov8n/data/275
-- Installing: /home/davinci/ros2_simulation_ws/install/yolobot_recognition/share/yolobot_recognition//scripts/yolov8n/data/242
-- Installing: /home/davinci/ros2_simulation_ws/install/yolobot_recognition/share/yolobot_recognition//scripts/yolov8n/data/93
-- Installing: /home/davinci/ros2_simulation_ws/install/yolobot_recognition/share/yolobot_recognition//scripts/yolov8n/data/225
-- Installing: /home/davinci/ros2_simulation_ws/install/yolobot_recognition/share/yolobot_recognition//scripts/yolov8n/data/157
-- Installing: /home/davinci/ros2_simulation_ws/install/yolobot_recognition/share/yolobot_recognition//scripts/yolov8n/data/296
-- Installing: /home/davinci/ros2_simulation_ws/install/yolobot_recognition/share/yolobot_recognition//scripts/yolov8n/data/311
-- Installing: /home/davinci/ros2_simulation_ws/install/yolobot_recognition/share/yolobot_recognition//scripts/yolov8n/data/344
-- Installing: /home/davinci/ros2_simulation_ws/install/yolobot_recognition/share/yolobot_recognition//scripts/yolov8n/data/192
-- Installing: /home/davinci/ros2_simulation_ws/install/yolobot_recognition/share/yolobot_recognition//scripts/yolov8n/data/232
-- Installing: /home/davinci/ros2_simulation_ws/install/yolobot_recognition/share/yolobot_recognition//scripts/yolov8n/data/215
-- Installing: /home/davinci/ros2_simulation_ws/install/yolobot_recognition/share/yolobot_recognition//scripts/yolov8n/data/16
-- Installing: /home/davinci/ros2_simulation_ws/install/yolobot_recognition/share/yolobot_recognition//scripts/yolov8n/data/340
-- Installing: /home/davinci/ros2_simulation_ws/install/yolobot_recognition/share/yolobot_recognition//scripts/yolov8n/data/331
-- Installing: /home/davinci/ros2_simulation_ws/install/yolobot_recognition/share/yolobot_recognition//scripts/yolov8n/data/262
-- Installing: /home/davinci/ros2_simulation_ws/install/yolobot_recognition/share/yolobot_recognition//scripts/yolov8n/data/259
-- Installing: /home/davinci/ros2_simulation_ws/install/yolobot_recognition/share/yolobot_recognition//scripts/yolov8n/data/185
-- Installing: /home/davinci/ros2_simulation_ws/install/yolobot_recognition/share/yolobot_recognition//scripts/yolov8n/data/270
-- Installing: /home/davinci/ros2_simulation_ws/install/yolobot_recognition/share/yolobot_recognition//scripts/yolov8n/data/65
-- Installing: /home/davinci/ros2_simulation_ws/install/yolobot_recognition/share/yolobot_recognition//scripts/yolov8n/data/222
-- Installing: /home/davinci/ros2_simulation_ws/install/yolobot_recognition/share/yolobot_recognition//scripts/yolov8n/data/124
-- Installing: /home/davinci/ros2_simulation_ws/install/yolobot_recognition/share/yolobot_recognition//scripts/yolov8n/data/317
-- Installing: /home/davinci/ros2_simulation_ws/install/yolobot_recognition/share/yolobot_recognition//scripts/yolov8n/data/236
-- Installing: /home/davinci/ros2_simulation_ws/install/yolobot_recognition/share/yolobot_recognition//scripts/yolov8n/data/108
-- Installing: /home/davinci/ros2_simulation_ws/install/yolobot_recognition/share/yolobot_recognition//scripts/yolov8n/data/221
-- Installing: /home/davinci/ros2_simulation_ws/install/yolobot_recognition/share/yolobot_recognition//scripts/yolov8n/data/99
-- Installing: /home/davinci/ros2_simulation_ws/install/yolobot_recognition/share/yolobot_recognition//scripts/yolov8n/data/78
-- Installing: /home/davinci/ros2_simulation_ws/install/yolobot_recognition/share/yolobot_recognition//scripts/yolov8n/data/212
-- Installing: /home/davinci/ros2_simulation_ws/install/yolobot_recognition/share/yolobot_recognition//scripts/yolov8n/data/22
-- Installing: /home/davinci/ros2_simulation_ws/install/yolobot_recognition/share/yolobot_recognition//scripts/yolov8n/data/85
-- Installing: /home/davinci/ros2_simulation_ws/install/yolobot_recognition/share/yolobot_recognition//scripts/yolov8n/data/113
-- Installing: /home/davinci/ros2_simulation_ws/install/yolobot_recognition/share/yolobot_recognition//scripts/yolov8n/data/316
-- Installing: /home/davinci/ros2_simulation_ws/install/yolobot_recognition/share/yolobot_recognition//scripts/yolov8n/data/129
-- Installing: /home/davinci/ros2_simulation_ws/install/yolobot_recognition/share/yolobot_recognition//scripts/yolov8n/data/9
-- Installing: /home/davinci/ros2_simulation_ws/install/yolobot_recognition/share/yolobot_recognition//scripts/yolov8n/data/216
-- Installing: /home/davinci/ros2_simulation_ws/install/yolobot_recognition/share/yolobot_recognition//scripts/yolov8n/data/329
-- Installing: /home/davinci/ros2_simulation_ws/install/yolobot_recognition/share/yolobot_recognition//scripts/yolov8n/data/19
-- Installing: /home/davinci/ros2_simulation_ws/install/yolobot_recognition/share/yolobot_recognition//scripts/yolov8n/data/358
-- Installing: /home/davinci/ros2_simulation_ws/install/yolobot_recognition/share/yolobot_recognition//scripts/yolov8n/data/181
-- Installing: /home/davinci/ros2_simulation_ws/install/yolobot_recognition/share/yolobot_recognition//scripts/yolov8n/data/75
-- Installing: /home/davinci/ros2_simulation_ws/install/yolobot_recognition/share/yolobot_recognition//scripts/yolov8n/data/302
-- Installing: /home/davinci/ros2_simulation_ws/install/yolobot_recognition/share/yolobot_recognition//scripts/yolov8n/data/171
-- Installing: /home/davinci/ros2_simulation_ws/install/yolobot_recognition/share/yolobot_recognition//scripts/yolov8n/data/271
-- Installing: /home/davinci/ros2_simulation_ws/install/yolobot_recognition/share/yolobot_recognition//scripts/yolov8n/data/303
-- Installing: /home/davinci/ros2_simulation_ws/install/yolobot_recognition/share/yolobot_recognition//scripts/yolov8n/data/260
-- Installing: /home/davinci/ros2_simulation_ws/install/yolobot_recognition/share/yolobot_recognition//scripts/yolov8n/data/298
-- Installing: /home/davinci/ros2_simulation_ws/install/yolobot_recognition/share/yolobot_recognition//scripts/yolov8n/data/146
-- Installing: /home/davinci/ros2_simulation_ws/install/yolobot_recognition/share/yolobot_recognition//scripts/yolov8n/data/292
-- Installing: /home/davinci/ros2_simulation_ws/install/yolobot_recognition/share/yolobot_recognition//scripts/yolov8n/data/24
-- Installing: /home/davinci/ros2_simulation_ws/install/yolobot_recognition/share/yolobot_recognition//scripts/yolov8n/data/261
-- Installing: /home/davinci/ros2_simulation_ws/install/yolobot_recognition/share/yolobot_recognition//scripts/yolov8n/data/183
-- Installing: /home/davinci/ros2_simulation_ws/install/yolobot_recognition/share/yolobot_recognition//scripts/yolov8n/data/294
-- Installing: /home/davinci/ros2_simulation_ws/install/yolobot_recognition/share/yolobot_recognition//scripts/yolov8n/data/133
-- Installing: /home/davinci/ros2_simulation_ws/install/yolobot_recognition/share/yolobot_recognition//scripts/yolov8n/data/277
-- Installing: /home/davinci/ros2_simulation_ws/install/yolobot_recognition/share/yolobot_recognition//scripts/yolov8n/data/10
-- Installing: /home/davinci/ros2_simulation_ws/install/yolobot_recognition/share/yolobot_recognition//scripts/yolov8n/data/147
-- Installing: /home/davinci/ros2_simulation_ws/install/yolobot_recognition/share/yolobot_recognition//scripts/yolov8n/data/94
-- Installing: /home/davinci/ros2_simulation_ws/install/yolobot_recognition/share/yolobot_recognition//scripts/yolov8n/data/246
-- Installing: /home/davinci/ros2_simulation_ws/install/yolobot_recognition/share/yolobot_recognition//scripts/yolov8n/data/172
-- Installing: /home/davinci/ros2_simulation_ws/install/yolobot_recognition/share/yolobot_recognition//scripts/yolov8n/data/2
-- Installing: /home/davinci/ros2_simulation_ws/install/yolobot_recognition/share/yolobot_recognition//scripts/yolov8n/data/184
-- Installing: /home/davinci/ros2_simulation_ws/install/yolobot_recognition/share/yolobot_recognition//scripts/yolov8n/data/256
-- Installing: /home/davinci/ros2_simulation_ws/install/yolobot_recognition/share/yolobot_recognition//scripts/yolov8n/data/36
-- Installing: /home/davinci/ros2_simulation_ws/install/yolobot_recognition/share/yolobot_recognition//scripts/yolov8n/data/38
-- Installing: /home/davinci/ros2_simulation_ws/install/yolobot_recognition/share/yolobot_recognition//scripts/yolov8n/data/71
-- Installing: /home/davinci/ros2_simulation_ws/install/yolobot_recognition/share/yolobot_recognition//scripts/yolov8n/data/96
-- Installing: /home/davinci/ros2_simulation_ws/install/yolobot_recognition/share/yolobot_recognition//scripts/yolov8n/data/109
-- Installing: /home/davinci/ros2_simulation_ws/install/yolobot_recognition/share/yolobot_recognition//scripts/yolov8n/data/207
-- Installing: /home/davinci/ros2_simulation_ws/install/yolobot_recognition/share/yolobot_recognition//scripts/yolov8n/data/44
-- Installing: /home/davinci/ros2_simulation_ws/install/yolobot_recognition/share/yolobot_recognition//scripts/yolov8n/data/115
-- Installing: /home/davinci/ros2_simulation_ws/install/yolobot_recognition/share/yolobot_recognition//scripts/yolov8n/data/257
-- Installing: /home/davinci/ros2_simulation_ws/install/yolobot_recognition/share/yolobot_recognition//scripts/yolov8n/data/42
-- Installing: /home/davinci/ros2_simulation_ws/install/yolobot_recognition/share/yolobot_recognition//scripts/yolov8n/data/321
-- Installing: /home/davinci/ros2_simulation_ws/install/yolobot_recognition/share/yolobot_recognition//scripts/yolov8n/data/330
-- Installing: /home/davinci/ros2_simulation_ws/install/yolobot_recognition/share/yolobot_recognition//scripts/yolov8n/data/285
-- Installing: /home/davinci/ros2_simulation_ws/install/yolobot_recognition/share/yolobot_recognition//scripts/yolov8n/data/35
-- Installing: /home/davinci/ros2_simulation_ws/install/yolobot_recognition/share/yolobot_recognition//scripts/yolov8n/data/304
-- Installing: /home/davinci/ros2_simulation_ws/install/yolobot_recognition/share/yolobot_recognition//scripts/yolov8n/data/199
-- Installing: /home/davinci/ros2_simulation_ws/install/yolobot_recognition/share/yolobot_recognition//scripts/yolov8n/data/12
-- Installing: /home/davinci/ros2_simulation_ws/install/yolobot_recognition/share/yolobot_recognition//scripts/yolov8n/data/7
-- Installing: /home/davinci/ros2_simulation_ws/install/yolobot_recognition/share/yolobot_recognition//scripts/yolov8n/data/205
-- Installing: /home/davinci/ros2_simulation_ws/install/yolobot_recognition/share/yolobot_recognition//scripts/yolov8n/data/156
-- Installing: /home/davinci/ros2_simulation_ws/install/yolobot_recognition/share/yolobot_recognition//scripts/yolov8n/data/234
-- Installing: /home/davinci/ros2_simulation_ws/install/yolobot_recognition/share/yolobot_recognition//scripts/yolov8n/data/179
-- Installing: /home/davinci/ros2_simulation_ws/install/yolobot_recognition/share/yolobot_recognition//scripts/yolov8n/data/249
-- Installing: /home/davinci/ros2_simulation_ws/install/yolobot_recognition/share/yolobot_recognition//scripts/yolov8n/data/135
-- Installing: /home/davinci/ros2_simulation_ws/install/yolobot_recognition/share/yolobot_recognition//scripts/yolov8n/data/0
-- Installing: /home/davinci/ros2_simulation_ws/install/yolobot_recognition/share/yolobot_recognition//scripts/yolov8n/data/308
-- Installing: /home/davinci/ros2_simulation_ws/install/yolobot_recognition/share/yolobot_recognition//scripts/yolov8n/data/118
-- Installing: /home/davinci/ros2_simulation_ws/install/yolobot_recognition/share/yolobot_recognition//scripts/yolov8n/data/214
-- Installing: /home/davinci/ros2_simulation_ws/install/yolobot_recognition/share/yolobot_recognition//scripts/yolov8n/data/168
-- Installing: /home/davinci/ros2_simulation_ws/install/yolobot_recognition/share/yolobot_recognition//scripts/yolov8n/data/92
-- Installing: /home/davinci/ros2_simulation_ws/install/yolobot_recognition/share/yolobot_recognition//scripts/yolov8n/data/153
-- Installing: /home/davinci/ros2_simulation_ws/install/yolobot_recognition/share/yolobot_recognition//scripts/yolov8n/data/196
-- Installing: /home/davinci/ros2_simulation_ws/install/yolobot_recognition/share/yolobot_recognition//scripts/yolov8n/data/197
-- Installing: /home/davinci/ros2_simulation_ws/install/yolobot_recognition/share/yolobot_recognition//scripts/yolov8n/data/67
-- Installing: /home/davinci/ros2_simulation_ws/install/yolobot_recognition/share/yolobot_recognition//scripts/yolov8n/data/132
-- Installing: /home/davinci/ros2_simulation_ws/install/yolobot_recognition/share/yolobot_recognition//scripts/yolov8n/data/318
-- Installing: /home/davinci/ros2_simulation_ws/install/yolobot_recognition/share/yolobot_recognition//scripts/yolov8n/data/68
-- Installing: /home/davinci/ros2_simulation_ws/install/yolobot_recognition/share/yolobot_recognition//scripts/yolov8n/data/355
-- Installing: /home/davinci/ros2_simulation_ws/install/yolobot_recognition/share/yolobot_recognition//scripts/yolov8n/data/211
-- Installing: /home/davinci/ros2_simulation_ws/install/yolobot_recognition/share/yolobot_recognition//scripts/yolov8n/data/235
-- Installing: /home/davinci/ros2_simulation_ws/install/yolobot_recognition/share/yolobot_recognition//scripts/yolov8n/data/190
-- Installing: /home/davinci/ros2_simulation_ws/install/yolobot_recognition/share/yolobot_recognition//scripts/yolov8n/data/140
-- Installing: /home/davinci/ros2_simulation_ws/install/yolobot_recognition/share/yolobot_recognition//scripts/yolov8n/data/102
-- Installing: /home/davinci/ros2_simulation_ws/install/yolobot_recognition/share/yolobot_recognition//scripts/yolov8n/data/120
-- Installing: /home/davinci/ros2_simulation_ws/install/yolobot_recognition/share/yolobot_recognition//scripts/yolov8n/data/40
-- Installing: /home/davinci/ros2_simulation_ws/install/yolobot_recognition/share/yolobot_recognition//scripts/yolov8n/data/154
-- Installing: /home/davinci/ros2_simulation_ws/install/yolobot_recognition/share/yolobot_recognition//scripts/yolov8n/data/142
-- Installing: /home/davinci/ros2_simulation_ws/install/yolobot_recognition/share/yolobot_recognition//scripts/yolov8n/data/338
-- Installing: /home/davinci/ros2_simulation_ws/install/yolobot_recognition/share/yolobot_recognition//scripts/yolov8n/data/32
-- Installing: /home/davinci/ros2_simulation_ws/install/yolobot_recognition/share/yolobot_recognition//scripts/yolov8n/data/72
-- Installing: /home/davinci/ros2_simulation_ws/install/yolobot_recognition/share/yolobot_recognition//scripts/yolov8n/data/159
-- Installing: /home/davinci/ros2_simulation_ws/install/yolobot_recognition/share/yolobot_recognition//scripts/yolov8n/data/267
-- Installing: /home/davinci/ros2_simulation_ws/install/yolobot_recognition/share/yolobot_recognition//scripts/yolov8n/data/167
-- Installing: /home/davinci/ros2_simulation_ws/install/yolobot_recognition/share/yolobot_recognition//scripts/yolov8n/data/61
-- Installing: /home/davinci/ros2_simulation_ws/install/yolobot_recognition/share/yolobot_recognition//scripts/yolov8n/data/84
-- Installing: /home/davinci/ros2_simulation_ws/install/yolobot_recognition/share/yolobot_recognition//scripts/yolov8n/data/326
-- Installing: /home/davinci/ros2_simulation_ws/install/yolobot_recognition/share/yolobot_recognition//scripts/yolov8n/data/64
-- Installing: /home/davinci/ros2_simulation_ws/install/yolobot_recognition/share/yolobot_recognition//scripts/yolov8n/data/145
-- Installing: /home/davinci/ros2_simulation_ws/install/yolobot_recognition/share/yolobot_recognition//scripts/yolov8n/data/248
-- Installing: /home/davinci/ros2_simulation_ws/install/yolobot_recognition/share/yolobot_recognition//scripts/yolov8n/data/307
-- Installing: /home/davinci/ros2_simulation_ws/install/yolobot_recognition/share/yolobot_recognition//scripts/yolov8n/data/348
-- Installing: /home/davinci/ros2_simulation_ws/install/yolobot_recognition/share/yolobot_recognition//scripts/yolov8n/data/5
-- Installing: /home/davinci/ros2_simulation_ws/install/yolobot_recognition/share/yolobot_recognition//scripts/yolov8n/data/165
-- Installing: /home/davinci/ros2_simulation_ws/install/yolobot_recognition/share/yolobot_recognition//scripts/yolov8n/data/21
-- Installing: /home/davinci/ros2_simulation_ws/install/yolobot_recognition/share/yolobot_recognition//scripts/yolov8n/data/144
-- Installing: /home/davinci/ros2_simulation_ws/install/yolobot_recognition/share/yolobot_recognition//scripts/yolov8n/data/272
-- Installing: /home/davinci/ros2_simulation_ws/install/yolobot_recognition/share/yolobot_recognition//scripts/yolov8n/data/180
-- Installing: /home/davinci/ros2_simulation_ws/install/yolobot_recognition/share/yolobot_recognition//scripts/yolov8n/data/82
-- Installing: /home/davinci/ros2_simulation_ws/install/yolobot_recognition/share/yolobot_recognition//scripts/yolov8n/data/91
-- Installing: /home/davinci/ros2_simulation_ws/install/yolobot_recognition/share/yolobot_recognition//scripts/yolov8n/data/202
-- Installing: /home/davinci/ros2_simulation_ws/install/yolobot_recognition/share/yolobot_recognition//scripts/yolov8n/data/280
-- Installing: /home/davinci/ros2_simulation_ws/install/yolobot_recognition/share/yolobot_recognition//scripts/yolov8n/data/182
-- Installing: /home/davinci/ros2_simulation_ws/install/yolobot_recognition/share/yolobot_recognition//scripts/yolov8n/data/151
-- Installing: /home/davinci/ros2_simulation_ws/install/yolobot_recognition/share/yolobot_recognition//scripts/yolov8n/data/139
-- Installing: /home/davinci/ros2_simulation_ws/install/yolobot_recognition/share/yolobot_recognition//scripts/yolov8n/data/354
-- Installing: /home/davinci/ros2_simulation_ws/install/yolobot_recognition/share/yolobot_recognition//scripts/yolov8n/data/56
-- Installing: /home/davinci/ros2_simulation_ws/install/yolobot_recognition/share/yolobot_recognition//scripts/yolov8n/data/23
-- Installing: /home/davinci/ros2_simulation_ws/install/yolobot_recognition/share/yolobot_recognition//scripts/yolov8n/data/287
-- Installing: /home/davinci/ros2_simulation_ws/install/yolobot_recognition/share/yolobot_recognition//scripts/yolov8n/data/219
-- Installing: /home/davinci/ros2_simulation_ws/install/yolobot_recognition/share/yolobot_recognition//scripts/yolov8n/data/175
-- Installing: /home/davinci/ros2_simulation_ws/install/yolobot_recognition/share/yolobot_recognition//scripts/yolov8n/data/57
-- Installing: /home/davinci/ros2_simulation_ws/install/yolobot_recognition/share/yolobot_recognition//scripts/yolov8n/data/201
-- Installing: /home/davinci/ros2_simulation_ws/install/yolobot_recognition/share/yolobot_recognition//scripts/yolov8n/data/241
-- Installing: /home/davinci/ros2_simulation_ws/install/yolobot_recognition/share/yolobot_recognition//scripts/yolov8n/data/203
-- Installing: /home/davinci/ros2_simulation_ws/install/yolobot_recognition/share/yolobot_recognition//scripts/yolov8n/data/339
-- Installing: /home/davinci/ros2_simulation_ws/install/yolobot_recognition/share/yolobot_recognition//scripts/yolov8n/data/327
-- Installing: /home/davinci/ros2_simulation_ws/install/yolobot_recognition/share/yolobot_recognition//scripts/yolov8n/data/162
-- Installing: /home/davinci/ros2_simulation_ws/install/yolobot_recognition/share/yolobot_recognition//scripts/yolov8n/data/112
-- Installing: /home/davinci/ros2_simulation_ws/install/yolobot_recognition/share/yolobot_recognition//scripts/yolov8n/data/322
-- Installing: /home/davinci/ros2_simulation_ws/install/yolobot_recognition/share/yolobot_recognition//scripts/yolov8n/data/155
-- Installing: /home/davinci/ros2_simulation_ws/install/yolobot_recognition/share/yolobot_recognition//scripts/yolov8n/data/291
-- Installing: /home/davinci/ros2_simulation_ws/install/yolobot_recognition/share/yolobot_recognition//scripts/yolov8n/data/255
-- Installing: /home/davinci/ros2_simulation_ws/install/yolobot_recognition/share/yolobot_recognition//scripts/yolov8n/data/288
-- Installing: /home/davinci/ros2_simulation_ws/install/yolobot_recognition/share/yolobot_recognition//scripts/yolov8n/data/18
-- Installing: /home/davinci/ros2_simulation_ws/install/yolobot_recognition/share/yolobot_recognition//scripts/yolov8n/data/264
-- Installing: /home/davinci/ros2_simulation_ws/install/yolobot_recognition/share/yolobot_recognition//scripts/yolov8n/data/89
-- Installing: /home/davinci/ros2_simulation_ws/install/yolobot_recognition/share/yolobot_recognition//scripts/yolov8n/data/347
-- Installing: /home/davinci/ros2_simulation_ws/install/yolobot_recognition/share/yolobot_recognition//scripts/yolov8n/data/300
-- Installing: /home/davinci/ros2_simulation_ws/install/yolobot_recognition/share/yolobot_recognition//scripts/yolov8n/data/166
-- Installing: /home/davinci/ros2_simulation_ws/install/yolobot_recognition/share/yolobot_recognition//scripts/yolov8n/data/88
-- Installing: /home/davinci/ros2_simulation_ws/install/yolobot_recognition/share/yolobot_recognition//scripts/yolov8n/data/52
-- Installing: /home/davinci/ros2_simulation_ws/install/yolobot_recognition/share/yolobot_recognition//scripts/yolov8n/data/105
-- Installing: /home/davinci/ros2_simulation_ws/install/yolobot_recognition/share/yolobot_recognition//scripts/yolov8n/data/100
-- Installing: /home/davinci/ros2_simulation_ws/install/yolobot_recognition/share/yolobot_recognition//scripts/yolov8n/data/328
-- Installing: /home/davinci/ros2_simulation_ws/install/yolobot_recognition/share/yolobot_recognition//scripts/yolov8n/data/193
-- Installing: /home/davinci/ros2_simulation_ws/install/yolobot_recognition/share/yolobot_recognition//scripts/yolov8n/data/143
-- Installing: /home/davinci/ros2_simulation_ws/install/yolobot_recognition/share/yolobot_recognition//scripts/yolov8n/data/149
-- Installing: /home/davinci/ros2_simulation_ws/install/yolobot_recognition/share/yolobot_recognition//scripts/yolov8n/data/228
-- Installing: /home/davinci/ros2_simulation_ws/install/yolobot_recognition/share/yolobot_recognition//scripts/yolov8n/data/283
-- Installing: /home/davinci/ros2_simulation_ws/install/yolobot_recognition/share/yolobot_recognition//scripts/yolov8n/data/176
-- Installing: /home/davinci/ros2_simulation_ws/install/yolobot_recognition/share/yolobot_recognition//scripts/yolov8n/data/47
-- Installing: /home/davinci/ros2_simulation_ws/install/yolobot_recognition/share/yolobot_recognition//scripts/yolov8n/data/335
-- Installing: /home/davinci/ros2_simulation_ws/install/yolobot_recognition/share/yolobot_recognition//scripts/yolov8n/data/97
-- Installing: /home/davinci/ros2_simulation_ws/install/yolobot_recognition/share/yolobot_recognition//scripts/yolov8n/data/76
-- Installing: /home/davinci/ros2_simulation_ws/install/yolobot_recognition/share/yolobot_recognition//scripts/yolov8n/data/279
-- Installing: /home/davinci/ros2_simulation_ws/install/yolobot_recognition/share/yolobot_recognition//scripts/yolov8n/data/323
-- Installing: /home/davinci/ros2_simulation_ws/install/yolobot_recognition/share/yolobot_recognition//scripts/yolov8n/data/138
-- Installing: /home/davinci/ros2_simulation_ws/install/yolobot_recognition/share/yolobot_recognition//scripts/yolov8n/data/253
-- Installing: /home/davinci/ros2_simulation_ws/install/yolobot_recognition/share/yolobot_recognition//scripts/yolov8n/data/209
-- Installing: /home/davinci/ros2_simulation_ws/install/yolobot_recognition/share/yolobot_recognition//scripts/yolov8n/data/74
-- Installing: /home/davinci/ros2_simulation_ws/install/yolobot_recognition/share/yolobot_recognition//scripts/yolov8n/data/231
-- Installing: /home/davinci/ros2_simulation_ws/install/yolobot_recognition/share/yolobot_recognition//scripts/yolov8n/data/170
-- Installing: /home/davinci/ros2_simulation_ws/install/yolobot_recognition/share/yolobot_recognition//scripts/yolov8n/data/50
-- Installing: /home/davinci/ros2_simulation_ws/install/yolobot_recognition/share/yolobot_recognition//scripts/yolov8n/data/189
-- Installing: /home/davinci/ros2_simulation_ws/install/yolobot_recognition/share/yolobot_recognition//scripts/yolov8n/data/337
-- Installing: /home/davinci/ros2_simulation_ws/install/yolobot_recognition/share/yolobot_recognition//scripts/yolov8n/data/43
-- Installing: /home/davinci/ros2_simulation_ws/install/yolobot_recognition/share/yolobot_recognition//scripts/yolov8n/data/229
-- Installing: /home/davinci/ros2_simulation_ws/install/yolobot_recognition/share/yolobot_recognition//scripts/yolov8n/data/37
-- Installing: /home/davinci/ros2_simulation_ws/install/yolobot_recognition/share/yolobot_recognition//scripts/yolov8n/data/251
-- Installing: /home/davinci/ros2_simulation_ws/install/yolobot_recognition/share/yolobot_recognition//scripts/yolov8n/data/34
-- Installing: /home/davinci/ros2_simulation_ws/install/yolobot_recognition/share/yolobot_recognition//scripts/yolov8n/data/33
-- Installing: /home/davinci/ros2_simulation_ws/install/yolobot_recognition/share/yolobot_recognition//scripts/yolov8n/data/345
-- Installing: /home/davinci/ros2_simulation_ws/install/yolobot_recognition/share/yolobot_recognition//scripts/yolov8n/data/295
-- Installing: /home/davinci/ros2_simulation_ws/install/yolobot_recognition/share/yolobot_recognition//scripts/yolov8n/data/319
-- Installing: /home/davinci/ros2_simulation_ws/install/yolobot_recognition/share/yolobot_recognition//scripts/yolov8n/data/333
-- Installing: /home/davinci/ros2_simulation_ws/install/yolobot_recognition/share/yolobot_recognition//scripts/yolov8n/data/173
-- Installing: /home/davinci/ros2_simulation_ws/install/yolobot_recognition/share/yolobot_recognition//scripts/yolov8n/data/58
-- Installing: /home/davinci/ros2_simulation_ws/install/yolobot_recognition/share/yolobot_recognition//scripts/yolov8n/data/230
-- Installing: /home/davinci/ros2_simulation_ws/install/yolobot_recognition/share/yolobot_recognition//scripts/yolov8n/data/63
-- Installing: /home/davinci/ros2_simulation_ws/install/yolobot_recognition/share/yolobot_recognition//scripts/yolov8n/data/305
-- Installing: /home/davinci/ros2_simulation_ws/install/yolobot_recognition/share/yolobot_recognition//scripts/yolov8n/data/66
-- Installing: /home/davinci/ros2_simulation_ws/install/yolobot_recognition/share/yolobot_recognition//scripts/yolov8n/data/210
-- Installing: /home/davinci/ros2_simulation_ws/install/yolobot_recognition/share/yolobot_recognition//scripts/yolov8n/data/158
-- Installing: /home/davinci/ros2_simulation_ws/install/yolobot_recognition/share/yolobot_recognition//scripts/yolov8n/data/258
-- Installing: /home/davinci/ros2_simulation_ws/install/yolobot_recognition/share/yolobot_recognition//scripts/yolov8n/data/204
-- Installing: /home/davinci/ros2_simulation_ws/install/yolobot_recognition/share/yolobot_recognition//scripts/yolov8n/data/265
-- Installing: /home/davinci/ros2_simulation_ws/install/yolobot_recognition/share/yolobot_recognition//scripts/yolov8n/data/313
-- Installing: /home/davinci/ros2_simulation_ws/install/yolobot_recognition/share/yolobot_recognition//scripts/yolov8n/data/136
-- Installing: /home/davinci/ros2_simulation_ws/install/yolobot_recognition/share/yolobot_recognition//scripts/yolov8n/data/356
-- Installing: /home/davinci/ros2_simulation_ws/install/yolobot_recognition/share/yolobot_recognition//scripts/yolov8n/data/161
-- Installing: /home/davinci/ros2_simulation_ws/install/yolobot_recognition/share/yolobot_recognition//scripts/yolov8n/data/8
-- Installing: /home/davinci/ros2_simulation_ws/install/yolobot_recognition/share/yolobot_recognition//scripts/yolov8n/data/250
-- Installing: /home/davinci/ros2_simulation_ws/install/yolobot_recognition/share/yolobot_recognition//scripts/yolov8n/data/131
-- Installing: /home/davinci/ros2_simulation_ws/install/yolobot_recognition/share/yolobot_recognition//scripts/yolov8n/data/107
-- Installing: /home/davinci/ros2_simulation_ws/install/yolobot_recognition/share/yolobot_recognition//scripts/yolov8n/data/51
-- Installing: /home/davinci/ros2_simulation_ws/install/yolobot_recognition/share/yolobot_recognition//scripts/yolov8n/data/54
-- Installing: /home/davinci/ros2_simulation_ws/install/yolobot_recognition/share/yolobot_recognition//scripts/yolov8n/data/83
-- Installing: /home/davinci/ros2_simulation_ws/install/yolobot_recognition/share/yolobot_recognition//scripts/yolov8n/data/103
-- Installing: /home/davinci/ros2_simulation_ws/install/yolobot_recognition/share/yolobot_recognition//scripts/yolov8n/data/81
-- Installing: /home/davinci/ros2_simulation_ws/install/yolobot_recognition/share/yolobot_recognition//scripts/yolov8n/data/30
-- Installing: /home/davinci/ros2_simulation_ws/install/yolobot_recognition/share/yolobot_recognition//scripts/yolov8n/data/336
-- Installing: /home/davinci/ros2_simulation_ws/install/yolobot_recognition/share/yolobot_recognition//scripts/yolov8n/data/13
-- Installing: /home/davinci/ros2_simulation_ws/install/yolobot_recognition/share/yolobot_recognition//scripts/yolov8n/data/290
-- Installing: /home/davinci/ros2_simulation_ws/install/yolobot_recognition/share/yolobot_recognition//scripts/yolov8n/data/117
-- Installing: /home/davinci/ros2_simulation_ws/install/yolobot_recognition/share/yolobot_recognition//scripts/yolov8n/data/177
-- Installing: /home/davinci/ros2_simulation_ws/install/yolobot_recognition/share/yolobot_recognition//scripts/yolov8n/data/194
-- Installing: /home/davinci/ros2_simulation_ws/install/yolobot_recognition/share/yolobot_recognition//scripts/yolov8n/data/150
-- Installing: /home/davinci/ros2_simulation_ws/install/yolobot_recognition/share/yolobot_recognition//scripts/yolov8n/data/98
-- Installing: /home/davinci/ros2_simulation_ws/install/yolobot_recognition/share/yolobot_recognition//scripts/yolov8n/data/346
-- Installing: /home/davinci/ros2_simulation_ws/install/yolobot_recognition/share/yolobot_recognition//scripts/yolov8n/data/218
-- Installing: /home/davinci/ros2_simulation_ws/install/yolobot_recognition/share/yolobot_recognition//scripts/yolov8n/data/266
-- Installing: /home/davinci/ros2_simulation_ws/install/yolobot_recognition/share/yolobot_recognition//scripts/yolov8n/data/188
-- Installing: /home/davinci/ros2_simulation_ws/install/yolobot_recognition/share/yolobot_recognition//scripts/yolov8n/data/351
-- Installing: /home/davinci/ros2_simulation_ws/install/yolobot_recognition/share/yolobot_recognition//scripts/yolov8n/data/119
-- Installing: /home/davinci/ros2_simulation_ws/install/yolobot_recognition/share/yolobot_recognition//scripts/yolov8n/data/55
-- Installing: /home/davinci/ros2_simulation_ws/install/yolobot_recognition/share/yolobot_recognition//scripts/yolov8n/data/208
-- Installing: /home/davinci/ros2_simulation_ws/install/yolobot_recognition/share/yolobot_recognition//scripts/yolov8n/data/284
-- Installing: /home/davinci/ros2_simulation_ws/install/yolobot_recognition/share/yolobot_recognition//scripts/yolov8n/data/195
-- Installing: /home/davinci/ros2_simulation_ws/install/yolobot_recognition/share/yolobot_recognition//scripts/yolov8n/data/343
-- Installing: /home/davinci/ros2_simulation_ws/install/yolobot_recognition/share/yolobot_recognition//scripts/yolov8n/data/28
-- Installing: /home/davinci/ros2_simulation_ws/install/yolobot_recognition/share/yolobot_recognition//scripts/yolov8n/data/198
-- Installing: /home/davinci/ros2_simulation_ws/install/yolobot_recognition/share/yolobot_recognition//scripts/yolov8n/data/164
-- Installing: /home/davinci/ros2_simulation_ws/install/yolobot_recognition/share/yolobot_recognition//scripts/yolov8n/data/281
-- Installing: /home/davinci/ros2_simulation_ws/install/yolobot_recognition/share/yolobot_recognition//scripts/yolov8n/data/110
-- Installing: /home/davinci/ros2_simulation_ws/install/yolobot_recognition/share/yolobot_recognition//scripts/yolov8n/data/169
-- Installing: /home/davinci/ros2_simulation_ws/install/yolobot_recognition/share/yolobot_recognition//scripts/yolov8n/data/220
-- Installing: /home/davinci/ros2_simulation_ws/install/yolobot_recognition/share/yolobot_recognition//scripts/yolov8n/data/352
-- Installing: /home/davinci/ros2_simulation_ws/install/yolobot_recognition/share/yolobot_recognition//scripts/yolov8n/data/46
-- Installing: /home/davinci/ros2_simulation_ws/install/yolobot_recognition/share/yolobot_recognition//scripts/yolov8n/data/48
-- Installing: /home/davinci/ros2_simulation_ws/install/yolobot_recognition/share/yolobot_recognition//scripts/yolov8n/data/206
-- Installing: /home/davinci/ros2_simulation_ws/install/yolobot_recognition/share/yolobot_recognition//scripts/yolov8n/data/244
-- Installing: /home/davinci/ros2_simulation_ws/install/yolobot_recognition/share/yolobot_recognition//scripts/yolov8n/data/26
-- Installing: /home/davinci/ros2_simulation_ws/install/yolobot_recognition/share/yolobot_recognition//scripts/yolov8n/data/59
-- Installing: /home/davinci/ros2_simulation_ws/install/yolobot_recognition/share/yolobot_recognition//scripts/yolov8n/data/101
-- Installing: /home/davinci/ros2_simulation_ws/install/yolobot_recognition/share/yolobot_recognition//scripts/yolov8n/data/243
-- Installing: /home/davinci/ros2_simulation_ws/install/yolobot_recognition/share/yolobot_recognition//scripts/yolov8n/data/226
-- Installing: /home/davinci/ros2_simulation_ws/install/yolobot_recognition/share/yolobot_recognition//scripts/yolov8n/data/39
-- Installing: /home/davinci/ros2_simulation_ws/install/yolobot_recognition/share/yolobot_recognition//scripts/yolov8n/data/125
-- Installing: /home/davinci/ros2_simulation_ws/install/yolobot_recognition/share/yolobot_recognition//scripts/yolov8n/data/127
-- Installing: /home/davinci/ros2_simulation_ws/install/yolobot_recognition/share/yolobot_recognition//scripts/yolov8n/data/312
-- Installing: /home/davinci/ros2_simulation_ws/install/yolobot_recognition/share/yolobot_recognition//scripts/yolov8n/data/314
-- Installing: /home/davinci/ros2_simulation_ws/install/yolobot_recognition/share/yolobot_recognition//scripts/yolov8n/data/186
-- Installing: /home/davinci/ros2_simulation_ws/install/yolobot_recognition/share/yolobot_recognition//scripts/yolov8n/data/31
-- Installing: /home/davinci/ros2_simulation_ws/install/yolobot_recognition/share/yolobot_recognition//scripts/yolov8n/data/309
-- Installing: /home/davinci/ros2_simulation_ws/install/yolobot_recognition/share/yolobot_recognition//scripts/yolov8n/data/70
-- Installing: /home/davinci/ros2_simulation_ws/install/yolobot_recognition/share/yolobot_recognition//scripts/yolov8n/data/252
-- Installing: /home/davinci/ros2_simulation_ws/install/yolobot_recognition/share/yolobot_recognition//scripts/yolov8n/data/325
-- Installing: /home/davinci/ros2_simulation_ws/install/yolobot_recognition/share/yolobot_recognition//scripts/yolov8n/data/268
-- Installing: /home/davinci/ros2_simulation_ws/install/yolobot_recognition/share/yolobot_recognition//scripts/yolov8n/data/293
-- Installing: /home/davinci/ros2_simulation_ws/install/yolobot_recognition/share/yolobot_recognition//scripts/yolov8n/data/178
-- Installing: /home/davinci/ros2_simulation_ws/install/yolobot_recognition/share/yolobot_recognition//scripts/yolov8n/data/123
-- Installing: /home/davinci/ros2_simulation_ws/install/yolobot_recognition/share/yolobot_recognition//scripts/yolov8n/data/160
-- Installing: /home/davinci/ros2_simulation_ws/install/yolobot_recognition/share/yolobot_recognition//scripts/yolov8n/data/29
-- Installing: /home/davinci/ros2_simulation_ws/install/yolobot_recognition/share/yolobot_recognition//scripts/yolov8n/data/286
-- Installing: /home/davinci/ros2_simulation_ws/install/yolobot_recognition/share/yolobot_recognition//scripts/yolov8n/data/247
-- Installing: /home/davinci/ros2_simulation_ws/install/yolobot_recognition/share/yolobot_recognition//scripts/yolov8n/data/4
-- Installing: /home/davinci/ros2_simulation_ws/install/yolobot_recognition/share/yolobot_recognition//scripts/yolov8n/data/148
-- Installing: /home/davinci/ros2_simulation_ws/install/yolobot_recognition/share/yolobot_recognition//scripts/yolov8n/data/60
-- Installing: /home/davinci/ros2_simulation_ws/install/yolobot_recognition/share/yolobot_recognition//scripts/yolov8n/data/152
-- Installing: /home/davinci/ros2_simulation_ws/install/yolobot_recognition/share/yolobot_recognition//scripts/yolov8n/data/282
-- Installing: /home/davinci/ros2_simulation_ws/install/yolobot_recognition/share/yolobot_recognition//scripts/yolov8n/data/274
-- Installing: /home/davinci/ros2_simulation_ws/install/yolobot_recognition/share/yolobot_recognition//scripts/yolov8n/data/137
-- Installing: /home/davinci/ros2_simulation_ws/install/yolobot_recognition/share/yolobot_recognition//scripts/yolov8n/data/14
-- Installing: /home/davinci/ros2_simulation_ws/install/yolobot_recognition/share/yolobot_recognition//scripts/yolov8n/data/141
-- Installing: /home/davinci/ros2_simulation_ws/install/yolobot_recognition/share/yolobot_recognition//scripts/yolov8n/data/254
-- Installing: /home/davinci/ros2_simulation_ws/install/yolobot_recognition/share/yolobot_recognition//scripts/yolov8n/data/106
-- Installing: /home/davinci/ros2_simulation_ws/install/yolobot_recognition/share/yolobot_recognition//scripts/yolov8n/data/273
-- Installing: /home/davinci/ros2_simulation_ws/install/yolobot_recognition/share/yolobot_recognition//scripts/yolov8n/data/320
-- Installing: /home/davinci/ros2_simulation_ws/install/yolobot_recognition/share/yolobot_recognition//scripts/yolov8n/data/116
-- Installing: /home/davinci/ros2_simulation_ws/install/yolobot_recognition/share/yolobot_recognition//scripts/yolov8n/data/20
-- Installing: /home/davinci/ros2_simulation_ws/install/yolobot_recognition/share/yolobot_recognition//scripts/yolov8n/data/25
-- Installing: /home/davinci/ros2_simulation_ws/install/yolobot_recognition/share/yolobot_recognition//scripts/yolov8n/data/289
-- Installing: /home/davinci/ros2_simulation_ws/install/yolobot_recognition/share/yolobot_recognition//scripts/yolov8n/data/90
-- Installing: /home/davinci/ros2_simulation_ws/install/yolobot_recognition/share/yolobot_recognition//scripts/yolov8n/data/224
-- Installing: /home/davinci/ros2_simulation_ws/install/yolobot_recognition/share/yolobot_recognition//scripts/yolov8n/data/114
-- Installing: /home/davinci/ros2_simulation_ws/install/yolobot_recognition/share/yolobot_recognition//scripts/yolov8n/data/86
-- Installing: /home/davinci/ros2_simulation_ws/install/yolobot_recognition/share/yolobot_recognition//scripts/yolov8n/data/80
-- Installing: /home/davinci/ros2_simulation_ws/install/yolobot_recognition/share/yolobot_recognition//scripts/yolov8n/data/104
-- Installing: /home/davinci/ros2_simulation_ws/install/yolobot_recognition/share/yolobot_recognition//scripts/yolov8n/data/310
-- Installing: /home/davinci/ros2_simulation_ws/install/yolobot_recognition/share/yolobot_recognition//scripts/yolov8n/data/53
-- Installing: /home/davinci/ros2_simulation_ws/install/yolobot_recognition/share/yolobot_recognition//scripts/yolov8n/data/27
-- Installing: /home/davinci/ros2_simulation_ws/install/yolobot_recognition/share/yolobot_recognition//scripts/yolov8n/data/3
-- Installing: /home/davinci/ros2_simulation_ws/install/yolobot_recognition/share/yolobot_recognition//scripts/yolov8n/data/174
-- Installing: /home/davinci/ros2_simulation_ws/install/yolobot_recognition/share/yolobot_recognition//scripts/yolov8n/data/134
-- Installing: /home/davinci/ros2_simulation_ws/install/yolobot_recognition/share/yolobot_recognition//scripts/yolov8n/data/349
-- Installing: /home/davinci/ros2_simulation_ws/install/yolobot_recognition/share/yolobot_recognition//scripts/yolov8n/data/69
-- Installing: /home/davinci/ros2_simulation_ws/install/yolobot_recognition/share/yolobot_recognition//scripts/yolov8n/data/6
-- Installing: /home/davinci/ros2_simulation_ws/install/yolobot_recognition/share/yolobot_recognition//scripts/yolov8n/version
-- Installing: /home/davinci/ros2_simulation_ws/install/yolobot_recognition/share/yolobot_recognition//scripts/yolov8n.pt
-- Installing: /home/davinci/ros2_simulation_ws/install/yolobot_recognition/share/yolobot_recognition//scripts/yolov8_ros2_subscriber.py
-- Installing: /home/davinci/ros2_simulation_ws/install/yolobot_recognition/share/yolobot_recognition//scripts/.gitattributes
-- Installing: /home/davinci/ros2_simulation_ws/install/yolobot_recognition/share/yolobot_recognition//launch
-- Installing: /home/davinci/ros2_simulation_ws/install/yolobot_recognition/share/yolobot_recognition//launch/launch_yolov8.launch.py
-- Installing: /home/davinci/ros2_simulation_ws/install/yolobot_recognition/lib/yolobot_recognition/yolov8_ros2_pt.py
-- Installing: /home/davinci/ros2_simulation_ws/install/yolobot_recognition/lib/yolobot_recognition/yolov8_ros2_subscriber.py
-- Installing: /home/davinci/ros2_simulation_ws/install/yolobot_recognition/lib/yolobot_recognition/launch_yolov8.launch.py
-- Installing: /home/davinci/ros2_simulation_ws/install/yolobot_recognition/share/ament_index/resource_index/package_run_dependencies/yolobot_recognition
-- Installing: /home/davinci/ros2_simulation_ws/install/yolobot_recognition/share/ament_index/resource_index/parent_prefix_path/yolobot_recognition
-- Installing: /home/davinci/ros2_simulation_ws/install/yolobot_recognition/share/yolobot_recognition/environment/ament_prefix_path.sh
-- Installing: /home/davinci/ros2_simulation_ws/install/yolobot_recognition/share/yolobot_recognition/environment/ament_prefix_path.dsv
-- Installing: /home/davinci/ros2_simulation_ws/install/yolobot_recognition/share/yolobot_recognition/environment/path.sh
-- Installing: /home/davinci/ros2_simulation_ws/install/yolobot_recognition/share/yolobot_recognition/environment/path.dsv
-- Installing: /home/davinci/ros2_simulation_ws/install/yolobot_recognition/share/yolobot_recognition/local_setup.bash
-- Installing: /home/davinci/ros2_simulation_ws/install/yolobot_recognition/share/yolobot_recognition/local_setup.sh
-- Installing: /home/davinci/ros2_simulation_ws/install/yolobot_recognition/share/yolobot_recognition/local_setup.zsh
-- Installing: /home/davinci/ros2_simulation_ws/install/yolobot_recognition/share/yolobot_recognition/local_setup.dsv
-- Installing: /home/davinci/ros2_simulation_ws/install/yolobot_recognition/share/yolobot_recognition/package.dsv
-- Installing: /home/davinci/ros2_simulation_ws/install/yolobot_recognition/share/ament_index/resource_index/packages/yolobot_recognition
-- Installing: /home/davinci/ros2_simulation_ws/install/yolobot_recognition/share/yolobot_recognition/cmake/yolobot_recognitionConfig.cmake
-- Installing: /home/davinci/ros2_simulation_ws/install/yolobot_recognition/share/yolobot_recognition/cmake/yolobot_recognitionConfig-version.cmake
-- Installing: /home/davinci/ros2_simulation_ws/install/yolobot_recognition/share/yolobot_recognition/package.xml
