[0.266s] Invoking command in '/home/davinci/ros2_simulation_ws/build/yolobot_recognition': CMAKE_PREFIX_PATH=${CMAKE_PREFIX_PATH}:/home/davinci/ros3_ws/install/my_py_pkg:/opt/ros/jazzy DEBUGINFOD_URLS=https://debuginfod.ubuntu.com /usr/bin/cmake /home/davinci/ros2_simulation_ws/src/yolobot_recognition -DCMAKE_INSTALL_PREFIX=/home/davinci/ros2_simulation_ws/install/yolobot_recognition
[0.319s] -- The C compiler identification is GNU 13.3.0
[0.378s] -- The CXX compiler identification is GNU 13.3.0
[0.395s] -- Detecting C compiler ABI info
[0.482s] -- Detecting C compiler ABI info - done
[0.500s] -- Check for working C compiler: /usr/bin/cc - skipped
[0.500s] -- Detecting C compile features
[0.501s] -- Detecting C compile features - done
[0.510s] -- Detecting CXX compiler ABI info
[0.612s] -- Detecting CXX compiler ABI info - done
[0.625s] -- Check for working CXX compiler: /usr/bin/c++ - skipped
[0.626s] -- Detecting CXX compile features
[0.626s] -- Detecting CXX compile features - done
[0.630s] -- Found ament_cmake: 2.5.4 (/opt/ros/jazzy/share/ament_cmake/cmake)
[0.796s] -- Found Python3: /usr/bin/python3 (found version "3.12.3") found components: Interpreter 
[0.924s] -- Found ament_lint_auto: 0.17.2 (/opt/ros/jazzy/share/ament_lint_auto/cmake)
[1.062s] -- Added test 'copyright' to check source files copyright and LICENSE
[1.078s] -- Added test 'flake8' to check Python code syntax and style conventions
[1.078s] -- Configured 'flake8' exclude dirs and/or files: 
[1.081s] -- Added test 'lint_cmake' to check CMake code style
[1.083s] -- Added test 'pep257' to check Python code against some of the docstring style conventions in PEP 257
[1.092s] -- Added test 'xmllint' to check XML markup files
[1.094s] -- Configuring done (0.8s)
[1.097s] -- Generating done (0.0s)
[1.098s] -- Build files have been written to: /home/davinci/ros2_simulation_ws/build/yolobot_recognition
[1.104s] Invoked command in '/home/davinci/ros2_simulation_ws/build/yolobot_recognition' returned '0': CMAKE_PREFIX_PATH=${CMAKE_PREFIX_PATH}:/home/davinci/ros3_ws/install/my_py_pkg:/opt/ros/jazzy DEBUGINFOD_URLS=https://debuginfod.ubuntu.com /usr/bin/cmake /home/davinci/ros2_simulation_ws/src/yolobot_recognition -DCMAKE_INSTALL_PREFIX=/home/davinci/ros2_simulation_ws/install/yolobot_recognition
[1.105s] Invoking command in '/home/davinci/ros2_simulation_ws/build/yolobot_recognition': CMAKE_PREFIX_PATH=${CMAKE_PREFIX_PATH}:/home/davinci/ros3_ws/install/my_py_pkg:/opt/ros/jazzy DEBUGINFOD_URLS=https://debuginfod.ubuntu.com /usr/bin/cmake --build /home/davinci/ros2_simulation_ws/build/yolobot_recognition -- -j8 -l8
[1.146s] Invoked command in '/home/davinci/ros2_simulation_ws/build/yolobot_recognition' returned '0': CMAKE_PREFIX_PATH=${CMAKE_PREFIX_PATH}:/home/davinci/ros3_ws/install/my_py_pkg:/opt/ros/jazzy DEBUGINFOD_URLS=https://debuginfod.ubuntu.com /usr/bin/cmake --build /home/davinci/ros2_simulation_ws/build/yolobot_recognition -- -j8 -l8
[1.147s] Invoking command in '/home/davinci/ros2_simulation_ws/build/yolobot_recognition': CMAKE_PREFIX_PATH=${CMAKE_PREFIX_PATH}:/home/davinci/ros3_ws/install/my_py_pkg:/opt/ros/jazzy DEBUGINFOD_URLS=https://debuginfod.ubuntu.com /usr/bin/cmake --install /home/davinci/ros2_simulation_ws/build/yolobot_recognition
[1.155s] -- Install configuration: ""
[1.155s] -- Installing: /home/davinci/ros2_simulation_ws/install/yolobot_recognition/share/yolobot_recognition//scripts
[1.155s] -- Installing: /home/davinci/ros2_simulation_ws/install/yolobot_recognition/share/yolobot_recognition//scripts/.gitignore
[1.156s] -- Installing: /home/davinci/ros2_simulation_ws/install/yolobot_recognition/share/yolobot_recognition//scripts/yolov8_ros2_pt.py
[1.156s] -- Installing: /home/davinci/ros2_simulation_ws/install/yolobot_recognition/share/yolobot_recognition//scripts/.dockerignore
[1.156s] -- Installing: /home/davinci/ros2_simulation_ws/install/yolobot_recognition/share/yolobot_recognition//scripts/yolov8n
[1.157s] -- Installing: /home/davinci/ros2_simulation_ws/install/yolobot_recognition/share/yolobot_recognition//scripts/yolov8n/data.pkl
[1.157s] -- Installing: /home/davinci/ros2_simulation_ws/install/yolobot_recognition/share/yolobot_recognition//scripts/yolov8n/data
[1.157s] -- Installing: /home/davinci/ros2_simulation_ws/install/yolobot_recognition/share/yolobot_recognition//scripts/yolov8n/data/297
[1.158s] -- Installing: /home/davinci/ros2_simulation_ws/install/yolobot_recognition/share/yolobot_recognition//scripts/yolov8n/data/77
[1.158s] -- Installing: /home/davinci/ros2_simulation_ws/install/yolobot_recognition/share/yolobot_recognition//scripts/yolov8n/data/237
[1.158s] -- Installing: /home/davinci/ros2_simulation_ws/install/yolobot_recognition/share/yolobot_recognition//scripts/yolov8n/data/191
[1.158s] -- Installing: /home/davinci/ros2_simulation_ws/install/yolobot_recognition/share/yolobot_recognition//scripts/yolov8n/data/334
[1.158s] -- Installing: /home/davinci/ros2_simulation_ws/install/yolobot_recognition/share/yolobot_recognition//scripts/yolov8n/data/238
[1.158s] -- Installing: /home/davinci/ros2_simulation_ws/install/yolobot_recognition/share/yolobot_recognition//scripts/yolov8n/data/341
[1.158s] -- Installing: /home/davinci/ros2_simulation_ws/install/yolobot_recognition/share/yolobot_recognition//scripts/yolov8n/data/240
[1.159s] -- Installing: /home/davinci/ros2_simulation_ws/install/yolobot_recognition/share/yolobot_recognition//scripts/yolov8n/data/122
[1.159s] -- Installing: /home/davinci/ros2_simulation_ws/install/yolobot_recognition/share/yolobot_recognition//scripts/yolov8n/data/49
[1.159s] -- Installing: /home/davinci/ros2_simulation_ws/install/yolobot_recognition/share/yolobot_recognition//scripts/yolov8n/data/62
[1.159s] -- Installing: /home/davinci/ros2_simulation_ws/install/yolobot_recognition/share/yolobot_recognition//scripts/yolov8n/data/299
[1.159s] -- Installing: /home/davinci/ros2_simulation_ws/install/yolobot_recognition/share/yolobot_recognition//scripts/yolov8n/data/357
[1.159s] -- Installing: /home/davinci/ros2_simulation_ws/install/yolobot_recognition/share/yolobot_recognition//scripts/yolov8n/data/306
[1.160s] -- Installing: /home/davinci/ros2_simulation_ws/install/yolobot_recognition/share/yolobot_recognition//scripts/yolov8n/data/45
[1.160s] -- Installing: /home/davinci/ros2_simulation_ws/install/yolobot_recognition/share/yolobot_recognition//scripts/yolov8n/data/217
[1.160s] -- Installing: /home/davinci/ros2_simulation_ws/install/yolobot_recognition/share/yolobot_recognition//scripts/yolov8n/data/213
[1.160s] -- Installing: /home/davinci/ros2_simulation_ws/install/yolobot_recognition/share/yolobot_recognition//scripts/yolov8n/data/126
[1.160s] -- Installing: /home/davinci/ros2_simulation_ws/install/yolobot_recognition/share/yolobot_recognition//scripts/yolov8n/data/163
[1.160s] -- Installing: /home/davinci/ros2_simulation_ws/install/yolobot_recognition/share/yolobot_recognition//scripts/yolov8n/data/95
[1.160s] -- Installing: /home/davinci/ros2_simulation_ws/install/yolobot_recognition/share/yolobot_recognition//scripts/yolov8n/data/15
[1.160s] -- Installing: /home/davinci/ros2_simulation_ws/install/yolobot_recognition/share/yolobot_recognition//scripts/yolov8n/data/350
[1.161s] -- Installing: /home/davinci/ros2_simulation_ws/install/yolobot_recognition/share/yolobot_recognition//scripts/yolov8n/data/239
[1.161s] -- Installing: /home/davinci/ros2_simulation_ws/install/yolobot_recognition/share/yolobot_recognition//scripts/yolov8n/data/278
[1.161s] -- Installing: /home/davinci/ros2_simulation_ws/install/yolobot_recognition/share/yolobot_recognition//scripts/yolov8n/data/187
[1.161s] -- Installing: /home/davinci/ros2_simulation_ws/install/yolobot_recognition/share/yolobot_recognition//scripts/yolov8n/data/315
[1.161s] -- Installing: /home/davinci/ros2_simulation_ws/install/yolobot_recognition/share/yolobot_recognition//scripts/yolov8n/data/324
[1.161s] -- Installing: /home/davinci/ros2_simulation_ws/install/yolobot_recognition/share/yolobot_recognition//scripts/yolov8n/data/87
[1.161s] -- Installing: /home/davinci/ros2_simulation_ws/install/yolobot_recognition/share/yolobot_recognition//scripts/yolov8n/data/200
[1.161s] -- Installing: /home/davinci/ros2_simulation_ws/install/yolobot_recognition/share/yolobot_recognition//scripts/yolov8n/data/342
[1.162s] -- Installing: /home/davinci/ros2_simulation_ws/install/yolobot_recognition/share/yolobot_recognition//scripts/yolov8n/data/332
[1.162s] -- Installing: /home/davinci/ros2_simulation_ws/install/yolobot_recognition/share/yolobot_recognition//scripts/yolov8n/data/1
[1.162s] -- Installing: /home/davinci/ros2_simulation_ws/install/yolobot_recognition/share/yolobot_recognition//scripts/yolov8n/data/353
[1.162s] -- Installing: /home/davinci/ros2_simulation_ws/install/yolobot_recognition/share/yolobot_recognition//scripts/yolov8n/data/17
[1.162s] -- Installing: /home/davinci/ros2_simulation_ws/install/yolobot_recognition/share/yolobot_recognition//scripts/yolov8n/data/121
[1.162s] -- Installing: /home/davinci/ros2_simulation_ws/install/yolobot_recognition/share/yolobot_recognition//scripts/yolov8n/data/128
[1.162s] -- Installing: /home/davinci/ros2_simulation_ws/install/yolobot_recognition/share/yolobot_recognition//scripts/yolov8n/data/223
[1.162s] -- Installing: /home/davinci/ros2_simulation_ws/install/yolobot_recognition/share/yolobot_recognition//scripts/yolov8n/data/269
[1.163s] -- Installing: /home/davinci/ros2_simulation_ws/install/yolobot_recognition/share/yolobot_recognition//scripts/yolov8n/data/276
[1.163s] -- Installing: /home/davinci/ros2_simulation_ws/install/yolobot_recognition/share/yolobot_recognition//scripts/yolov8n/data/233
[1.163s] -- Installing: /home/davinci/ros2_simulation_ws/install/yolobot_recognition/share/yolobot_recognition//scripts/yolov8n/data/245
[1.163s] -- Installing: /home/davinci/ros2_simulation_ws/install/yolobot_recognition/share/yolobot_recognition//scripts/yolov8n/data/227
[1.163s] -- Installing: /home/davinci/ros2_simulation_ws/install/yolobot_recognition/share/yolobot_recognition//scripts/yolov8n/data/73
[1.163s] -- Installing: /home/davinci/ros2_simulation_ws/install/yolobot_recognition/share/yolobot_recognition//scripts/yolov8n/data/263
[1.163s] -- Installing: /home/davinci/ros2_simulation_ws/install/yolobot_recognition/share/yolobot_recognition//scripts/yolov8n/data/111
[1.163s] -- Installing: /home/davinci/ros2_simulation_ws/install/yolobot_recognition/share/yolobot_recognition//scripts/yolov8n/data/11
[1.163s] -- Installing: /home/davinci/ros2_simulation_ws/install/yolobot_recognition/share/yolobot_recognition//scripts/yolov8n/data/41
[1.164s] -- Installing: /home/davinci/ros2_simulation_ws/install/yolobot_recognition/share/yolobot_recognition//scripts/yolov8n/data/79
[1.164s] -- Installing: /home/davinci/ros2_simulation_ws/install/yolobot_recognition/share/yolobot_recognition//scripts/yolov8n/data/130
[1.164s] -- Installing: /home/davinci/ros2_simulation_ws/install/yolobot_recognition/share/yolobot_recognition//scripts/yolov8n/data/301
[1.164s] -- Installing: /home/davinci/ros2_simulation_ws/install/yolobot_recognition/share/yolobot_recognition//scripts/yolov8n/data/275
[1.164s] -- Installing: /home/davinci/ros2_simulation_ws/install/yolobot_recognition/share/yolobot_recognition//scripts/yolov8n/data/242
[1.164s] -- Installing: /home/davinci/ros2_simulation_ws/install/yolobot_recognition/share/yolobot_recognition//scripts/yolov8n/data/93
[1.164s] -- Installing: /home/davinci/ros2_simulation_ws/install/yolobot_recognition/share/yolobot_recognition//scripts/yolov8n/data/225
[1.164s] -- Installing: /home/davinci/ros2_simulation_ws/install/yolobot_recognition/share/yolobot_recognition//scripts/yolov8n/data/157
[1.165s] -- Installing: /home/davinci/ros2_simulation_ws/install/yolobot_recognition/share/yolobot_recognition//scripts/yolov8n/data/296
[1.165s] -- Installing: /home/davinci/ros2_simulation_ws/install/yolobot_recognition/share/yolobot_recognition//scripts/yolov8n/data/311
[1.165s] -- Installing: /home/davinci/ros2_simulation_ws/install/yolobot_recognition/share/yolobot_recognition//scripts/yolov8n/data/344
[1.165s] -- Installing: /home/davinci/ros2_simulation_ws/install/yolobot_recognition/share/yolobot_recognition//scripts/yolov8n/data/192
[1.165s] -- Installing: /home/davinci/ros2_simulation_ws/install/yolobot_recognition/share/yolobot_recognition//scripts/yolov8n/data/232
[1.165s] -- Installing: /home/davinci/ros2_simulation_ws/install/yolobot_recognition/share/yolobot_recognition//scripts/yolov8n/data/215
[1.165s] -- Installing: /home/davinci/ros2_simulation_ws/install/yolobot_recognition/share/yolobot_recognition//scripts/yolov8n/data/16
[1.165s] -- Installing: /home/davinci/ros2_simulation_ws/install/yolobot_recognition/share/yolobot_recognition//scripts/yolov8n/data/340
[1.166s] -- Installing: /home/davinci/ros2_simulation_ws/install/yolobot_recognition/share/yolobot_recognition//scripts/yolov8n/data/331
[1.166s] -- Installing: /home/davinci/ros2_simulation_ws/install/yolobot_recognition/share/yolobot_recognition//scripts/yolov8n/data/262
[1.166s] -- Installing: /home/davinci/ros2_simulation_ws/install/yolobot_recognition/share/yolobot_recognition//scripts/yolov8n/data/259
[1.166s] -- Installing: /home/davinci/ros2_simulation_ws/install/yolobot_recognition/share/yolobot_recognition//scripts/yolov8n/data/185
[1.166s] -- Installing: /home/davinci/ros2_simulation_ws/install/yolobot_recognition/share/yolobot_recognition//scripts/yolov8n/data/270
[1.166s] -- Installing: /home/davinci/ros2_simulation_ws/install/yolobot_recognition/share/yolobot_recognition//scripts/yolov8n/data/65
[1.166s] -- Installing: /home/davinci/ros2_simulation_ws/install/yolobot_recognition/share/yolobot_recognition//scripts/yolov8n/data/222
[1.167s] -- Installing: /home/davinci/ros2_simulation_ws/install/yolobot_recognition/share/yolobot_recognition//scripts/yolov8n/data/124
[1.167s] -- Installing: /home/davinci/ros2_simulation_ws/install/yolobot_recognition/share/yolobot_recognition//scripts/yolov8n/data/317
[1.167s] -- Installing: /home/davinci/ros2_simulation_ws/install/yolobot_recognition/share/yolobot_recognition//scripts/yolov8n/data/236
[1.167s] -- Installing: /home/davinci/ros2_simulation_ws/install/yolobot_recognition/share/yolobot_recognition//scripts/yolov8n/data/108
[1.167s] -- Installing: /home/davinci/ros2_simulation_ws/install/yolobot_recognition/share/yolobot_recognition//scripts/yolov8n/data/221
[1.167s] -- Installing: /home/davinci/ros2_simulation_ws/install/yolobot_recognition/share/yolobot_recognition//scripts/yolov8n/data/99
[1.167s] -- Installing: /home/davinci/ros2_simulation_ws/install/yolobot_recognition/share/yolobot_recognition//scripts/yolov8n/data/78
[1.167s] -- Installing: /home/davinci/ros2_simulation_ws/install/yolobot_recognition/share/yolobot_recognition//scripts/yolov8n/data/212
[1.168s] -- Installing: /home/davinci/ros2_simulation_ws/install/yolobot_recognition/share/yolobot_recognition//scripts/yolov8n/data/22
[1.168s] -- Installing: /home/davinci/ros2_simulation_ws/install/yolobot_recognition/share/yolobot_recognition//scripts/yolov8n/data/85
[1.168s] -- Installing: /home/davinci/ros2_simulation_ws/install/yolobot_recognition/share/yolobot_recognition//scripts/yolov8n/data/113
[1.168s] -- Installing: /home/davinci/ros2_simulation_ws/install/yolobot_recognition/share/yolobot_recognition//scripts/yolov8n/data/316
[1.168s] -- Installing: /home/davinci/ros2_simulation_ws/install/yolobot_recognition/share/yolobot_recognition//scripts/yolov8n/data/129
[1.168s] -- Installing: /home/davinci/ros2_simulation_ws/install/yolobot_recognition/share/yolobot_recognition//scripts/yolov8n/data/9
[1.168s] -- Installing: /home/davinci/ros2_simulation_ws/install/yolobot_recognition/share/yolobot_recognition//scripts/yolov8n/data/216
[1.169s] -- Installing: /home/davinci/ros2_simulation_ws/install/yolobot_recognition/share/yolobot_recognition//scripts/yolov8n/data/329
[1.169s] -- Installing: /home/davinci/ros2_simulation_ws/install/yolobot_recognition/share/yolobot_recognition//scripts/yolov8n/data/19
[1.170s] -- Installing: /home/davinci/ros2_simulation_ws/install/yolobot_recognition/share/yolobot_recognition//scripts/yolov8n/data/358
[1.170s] -- Installing: /home/davinci/ros2_simulation_ws/install/yolobot_recognition/share/yolobot_recognition//scripts/yolov8n/data/181
[1.171s] -- Installing: /home/davinci/ros2_simulation_ws/install/yolobot_recognition/share/yolobot_recognition//scripts/yolov8n/data/75
[1.171s] -- Installing: /home/davinci/ros2_simulation_ws/install/yolobot_recognition/share/yolobot_recognition//scripts/yolov8n/data/302
[1.171s] -- Installing: /home/davinci/ros2_simulation_ws/install/yolobot_recognition/share/yolobot_recognition//scripts/yolov8n/data/171
[1.171s] -- Installing: /home/davinci/ros2_simulation_ws/install/yolobot_recognition/share/yolobot_recognition//scripts/yolov8n/data/271
[1.171s] -- Installing: /home/davinci/ros2_simulation_ws/install/yolobot_recognition/share/yolobot_recognition//scripts/yolov8n/data/303
[1.171s] -- Installing: /home/davinci/ros2_simulation_ws/install/yolobot_recognition/share/yolobot_recognition//scripts/yolov8n/data/260
[1.171s] -- Installing: /home/davinci/ros2_simulation_ws/install/yolobot_recognition/share/yolobot_recognition//scripts/yolov8n/data/298
[1.172s] -- Installing: /home/davinci/ros2_simulation_ws/install/yolobot_recognition/share/yolobot_recognition//scripts/yolov8n/data/146
[1.172s] -- Installing: /home/davinci/ros2_simulation_ws/install/yolobot_recognition/share/yolobot_recognition//scripts/yolov8n/data/292
[1.172s] -- Installing: /home/davinci/ros2_simulation_ws/install/yolobot_recognition/share/yolobot_recognition//scripts/yolov8n/data/24
[1.172s] -- Installing: /home/davinci/ros2_simulation_ws/install/yolobot_recognition/share/yolobot_recognition//scripts/yolov8n/data/261
[1.172s] -- Installing: /home/davinci/ros2_simulation_ws/install/yolobot_recognition/share/yolobot_recognition//scripts/yolov8n/data/183
[1.172s] -- Installing: /home/davinci/ros2_simulation_ws/install/yolobot_recognition/share/yolobot_recognition//scripts/yolov8n/data/294
[1.172s] -- Installing: /home/davinci/ros2_simulation_ws/install/yolobot_recognition/share/yolobot_recognition//scripts/yolov8n/data/133
[1.175s] -- Installing: /home/davinci/ros2_simulation_ws/install/yolobot_recognition/share/yolobot_recognition//scripts/yolov8n/data/277
[1.176s] -- Installing: /home/davinci/ros2_simulation_ws/install/yolobot_recognition/share/yolobot_recognition//scripts/yolov8n/data/10
[1.176s] -- Installing: /home/davinci/ros2_simulation_ws/install/yolobot_recognition/share/yolobot_recognition//scripts/yolov8n/data/147
[1.176s] -- Installing: /home/davinci/ros2_simulation_ws/install/yolobot_recognition/share/yolobot_recognition//scripts/yolov8n/data/94
[1.176s] -- Installing: /home/davinci/ros2_simulation_ws/install/yolobot_recognition/share/yolobot_recognition//scripts/yolov8n/data/246
[1.177s] -- Installing: /home/davinci/ros2_simulation_ws/install/yolobot_recognition/share/yolobot_recognition//scripts/yolov8n/data/172
[1.177s] -- Installing: /home/davinci/ros2_simulation_ws/install/yolobot_recognition/share/yolobot_recognition//scripts/yolov8n/data/2
[1.177s] -- Installing: /home/davinci/ros2_simulation_ws/install/yolobot_recognition/share/yolobot_recognition//scripts/yolov8n/data/184
[1.177s] -- Installing: /home/davinci/ros2_simulation_ws/install/yolobot_recognition/share/yolobot_recognition//scripts/yolov8n/data/256
[1.177s] -- Installing: /home/davinci/ros2_simulation_ws/install/yolobot_recognition/share/yolobot_recognition//scripts/yolov8n/data/36
[1.177s] -- Installing: /home/davinci/ros2_simulation_ws/install/yolobot_recognition/share/yolobot_recognition//scripts/yolov8n/data/38
[1.178s] -- Installing: /home/davinci/ros2_simulation_ws/install/yolobot_recognition/share/yolobot_recognition//scripts/yolov8n/data/71
[1.178s] -- Installing: /home/davinci/ros2_simulation_ws/install/yolobot_recognition/share/yolobot_recognition//scripts/yolov8n/data/96
[1.178s] -- Installing: /home/davinci/ros2_simulation_ws/install/yolobot_recognition/share/yolobot_recognition//scripts/yolov8n/data/109
[1.178s] -- Installing: /home/davinci/ros2_simulation_ws/install/yolobot_recognition/share/yolobot_recognition//scripts/yolov8n/data/207
[1.178s] -- Installing: /home/davinci/ros2_simulation_ws/install/yolobot_recognition/share/yolobot_recognition//scripts/yolov8n/data/44
[1.179s] -- Installing: /home/davinci/ros2_simulation_ws/install/yolobot_recognition/share/yolobot_recognition//scripts/yolov8n/data/115
[1.179s] -- Installing: /home/davinci/ros2_simulation_ws/install/yolobot_recognition/share/yolobot_recognition//scripts/yolov8n/data/257
[1.179s] -- Installing: /home/davinci/ros2_simulation_ws/install/yolobot_recognition/share/yolobot_recognition//scripts/yolov8n/data/42
[1.179s] -- Installing: /home/davinci/ros2_simulation_ws/install/yolobot_recognition/share/yolobot_recognition//scripts/yolov8n/data/321
[1.179s] -- Installing: /home/davinci/ros2_simulation_ws/install/yolobot_recognition/share/yolobot_recognition//scripts/yolov8n/data/330
[1.179s] -- Installing: /home/davinci/ros2_simulation_ws/install/yolobot_recognition/share/yolobot_recognition//scripts/yolov8n/data/285
[1.179s] -- Installing: /home/davinci/ros2_simulation_ws/install/yolobot_recognition/share/yolobot_recognition//scripts/yolov8n/data/35
[1.180s] -- Installing: /home/davinci/ros2_simulation_ws/install/yolobot_recognition/share/yolobot_recognition//scripts/yolov8n/data/304
[1.180s] -- Installing: /home/davinci/ros2_simulation_ws/install/yolobot_recognition/share/yolobot_recognition//scripts/yolov8n/data/199
[1.180s] -- Installing: /home/davinci/ros2_simulation_ws/install/yolobot_recognition/share/yolobot_recognition//scripts/yolov8n/data/12
[1.180s] -- Installing: /home/davinci/ros2_simulation_ws/install/yolobot_recognition/share/yolobot_recognition//scripts/yolov8n/data/7
[1.180s] -- Installing: /home/davinci/ros2_simulation_ws/install/yolobot_recognition/share/yolobot_recognition//scripts/yolov8n/data/205
[1.180s] -- Installing: /home/davinci/ros2_simulation_ws/install/yolobot_recognition/share/yolobot_recognition//scripts/yolov8n/data/156
[1.180s] -- Installing: /home/davinci/ros2_simulation_ws/install/yolobot_recognition/share/yolobot_recognition//scripts/yolov8n/data/234
[1.180s] -- Installing: /home/davinci/ros2_simulation_ws/install/yolobot_recognition/share/yolobot_recognition//scripts/yolov8n/data/179
[1.181s] -- Installing: /home/davinci/ros2_simulation_ws/install/yolobot_recognition/share/yolobot_recognition//scripts/yolov8n/data/249
[1.181s] -- Installing: /home/davinci/ros2_simulation_ws/install/yolobot_recognition/share/yolobot_recognition//scripts/yolov8n/data/135
[1.181s] -- Installing: /home/davinci/ros2_simulation_ws/install/yolobot_recognition/share/yolobot_recognition//scripts/yolov8n/data/0
[1.181s] -- Installing: /home/davinci/ros2_simulation_ws/install/yolobot_recognition/share/yolobot_recognition//scripts/yolov8n/data/308
[1.181s] -- Installing: /home/davinci/ros2_simulation_ws/install/yolobot_recognition/share/yolobot_recognition//scripts/yolov8n/data/118
[1.181s] -- Installing: /home/davinci/ros2_simulation_ws/install/yolobot_recognition/share/yolobot_recognition//scripts/yolov8n/data/214
[1.181s] -- Installing: /home/davinci/ros2_simulation_ws/install/yolobot_recognition/share/yolobot_recognition//scripts/yolov8n/data/168
[1.181s] -- Installing: /home/davinci/ros2_simulation_ws/install/yolobot_recognition/share/yolobot_recognition//scripts/yolov8n/data/92
[1.181s] -- Installing: /home/davinci/ros2_simulation_ws/install/yolobot_recognition/share/yolobot_recognition//scripts/yolov8n/data/153
[1.182s] -- Installing: /home/davinci/ros2_simulation_ws/install/yolobot_recognition/share/yolobot_recognition//scripts/yolov8n/data/196
[1.182s] -- Installing: /home/davinci/ros2_simulation_ws/install/yolobot_recognition/share/yolobot_recognition//scripts/yolov8n/data/197
[1.182s] -- Installing: /home/davinci/ros2_simulation_ws/install/yolobot_recognition/share/yolobot_recognition//scripts/yolov8n/data/67
[1.182s] -- Installing: /home/davinci/ros2_simulation_ws/install/yolobot_recognition/share/yolobot_recognition//scripts/yolov8n/data/132
[1.182s] -- Installing: /home/davinci/ros2_simulation_ws/install/yolobot_recognition/share/yolobot_recognition//scripts/yolov8n/data/318
[1.182s] -- Installing: /home/davinci/ros2_simulation_ws/install/yolobot_recognition/share/yolobot_recognition//scripts/yolov8n/data/68
[1.182s] -- Installing: /home/davinci/ros2_simulation_ws/install/yolobot_recognition/share/yolobot_recognition//scripts/yolov8n/data/355
[1.183s] -- Installing: /home/davinci/ros2_simulation_ws/install/yolobot_recognition/share/yolobot_recognition//scripts/yolov8n/data/211
[1.183s] -- Installing: /home/davinci/ros2_simulation_ws/install/yolobot_recognition/share/yolobot_recognition//scripts/yolov8n/data/235
[1.183s] -- Installing: /home/davinci/ros2_simulation_ws/install/yolobot_recognition/share/yolobot_recognition//scripts/yolov8n/data/190
[1.183s] -- Installing: /home/davinci/ros2_simulation_ws/install/yolobot_recognition/share/yolobot_recognition//scripts/yolov8n/data/140
[1.183s] -- Installing: /home/davinci/ros2_simulation_ws/install/yolobot_recognition/share/yolobot_recognition//scripts/yolov8n/data/102
[1.184s] -- Installing: /home/davinci/ros2_simulation_ws/install/yolobot_recognition/share/yolobot_recognition//scripts/yolov8n/data/120
[1.184s] -- Installing: /home/davinci/ros2_simulation_ws/install/yolobot_recognition/share/yolobot_recognition//scripts/yolov8n/data/40
[1.184s] -- Installing: /home/davinci/ros2_simulation_ws/install/yolobot_recognition/share/yolobot_recognition//scripts/yolov8n/data/154
[1.184s] -- Installing: /home/davinci/ros2_simulation_ws/install/yolobot_recognition/share/yolobot_recognition//scripts/yolov8n/data/142
[1.184s] -- Installing: /home/davinci/ros2_simulation_ws/install/yolobot_recognition/share/yolobot_recognition//scripts/yolov8n/data/338
[1.184s] -- Installing: /home/davinci/ros2_simulation_ws/install/yolobot_recognition/share/yolobot_recognition//scripts/yolov8n/data/32
[1.185s] -- Installing: /home/davinci/ros2_simulation_ws/install/yolobot_recognition/share/yolobot_recognition//scripts/yolov8n/data/72
[1.185s] -- Installing: /home/davinci/ros2_simulation_ws/install/yolobot_recognition/share/yolobot_recognition//scripts/yolov8n/data/159
[1.185s] -- Installing: /home/davinci/ros2_simulation_ws/install/yolobot_recognition/share/yolobot_recognition//scripts/yolov8n/data/267
[1.185s] -- Installing: /home/davinci/ros2_simulation_ws/install/yolobot_recognition/share/yolobot_recognition//scripts/yolov8n/data/167
[1.185s] -- Installing: /home/davinci/ros2_simulation_ws/install/yolobot_recognition/share/yolobot_recognition//scripts/yolov8n/data/61
[1.185s] -- Installing: /home/davinci/ros2_simulation_ws/install/yolobot_recognition/share/yolobot_recognition//scripts/yolov8n/data/84
[1.185s] -- Installing: /home/davinci/ros2_simulation_ws/install/yolobot_recognition/share/yolobot_recognition//scripts/yolov8n/data/326
[1.185s] -- Installing: /home/davinci/ros2_simulation_ws/install/yolobot_recognition/share/yolobot_recognition//scripts/yolov8n/data/64
[1.185s] -- Installing: /home/davinci/ros2_simulation_ws/install/yolobot_recognition/share/yolobot_recognition//scripts/yolov8n/data/145
[1.186s] -- Installing: /home/davinci/ros2_simulation_ws/install/yolobot_recognition/share/yolobot_recognition//scripts/yolov8n/data/248
[1.186s] -- Installing: /home/davinci/ros2_simulation_ws/install/yolobot_recognition/share/yolobot_recognition//scripts/yolov8n/data/307
[1.186s] -- Installing: /home/davinci/ros2_simulation_ws/install/yolobot_recognition/share/yolobot_recognition//scripts/yolov8n/data/348
[1.186s] -- Installing: /home/davinci/ros2_simulation_ws/install/yolobot_recognition/share/yolobot_recognition//scripts/yolov8n/data/5
[1.186s] -- Installing: /home/davinci/ros2_simulation_ws/install/yolobot_recognition/share/yolobot_recognition//scripts/yolov8n/data/165
[1.187s] -- Installing: /home/davinci/ros2_simulation_ws/install/yolobot_recognition/share/yolobot_recognition//scripts/yolov8n/data/21
[1.187s] -- Installing: /home/davinci/ros2_simulation_ws/install/yolobot_recognition/share/yolobot_recognition//scripts/yolov8n/data/144
[1.187s] -- Installing: /home/davinci/ros2_simulation_ws/install/yolobot_recognition/share/yolobot_recognition//scripts/yolov8n/data/272
[1.187s] -- Installing: /home/davinci/ros2_simulation_ws/install/yolobot_recognition/share/yolobot_recognition//scripts/yolov8n/data/180
[1.187s] -- Installing: /home/davinci/ros2_simulation_ws/install/yolobot_recognition/share/yolobot_recognition//scripts/yolov8n/data/82
[1.187s] -- Installing: /home/davinci/ros2_simulation_ws/install/yolobot_recognition/share/yolobot_recognition//scripts/yolov8n/data/91
[1.187s] -- Installing: /home/davinci/ros2_simulation_ws/install/yolobot_recognition/share/yolobot_recognition//scripts/yolov8n/data/202
[1.187s] -- Installing: /home/davinci/ros2_simulation_ws/install/yolobot_recognition/share/yolobot_recognition//scripts/yolov8n/data/280
[1.188s] -- Installing: /home/davinci/ros2_simulation_ws/install/yolobot_recognition/share/yolobot_recognition//scripts/yolov8n/data/182
[1.188s] -- Installing: /home/davinci/ros2_simulation_ws/install/yolobot_recognition/share/yolobot_recognition//scripts/yolov8n/data/151
[1.188s] -- Installing: /home/davinci/ros2_simulation_ws/install/yolobot_recognition/share/yolobot_recognition//scripts/yolov8n/data/139
[1.188s] -- Installing: /home/davinci/ros2_simulation_ws/install/yolobot_recognition/share/yolobot_recognition//scripts/yolov8n/data/354
[1.188s] -- Installing: /home/davinci/ros2_simulation_ws/install/yolobot_recognition/share/yolobot_recognition//scripts/yolov8n/data/56
[1.188s] -- Installing: /home/davinci/ros2_simulation_ws/install/yolobot_recognition/share/yolobot_recognition//scripts/yolov8n/data/23
[1.188s] -- Installing: /home/davinci/ros2_simulation_ws/install/yolobot_recognition/share/yolobot_recognition//scripts/yolov8n/data/287
[1.188s] -- Installing: /home/davinci/ros2_simulation_ws/install/yolobot_recognition/share/yolobot_recognition//scripts/yolov8n/data/219
[1.188s] -- Installing: /home/davinci/ros2_simulation_ws/install/yolobot_recognition/share/yolobot_recognition//scripts/yolov8n/data/175
[1.189s] -- Installing: /home/davinci/ros2_simulation_ws/install/yolobot_recognition/share/yolobot_recognition//scripts/yolov8n/data/57
[1.189s] -- Installing: /home/davinci/ros2_simulation_ws/install/yolobot_recognition/share/yolobot_recognition//scripts/yolov8n/data/201
[1.189s] -- Installing: /home/davinci/ros2_simulation_ws/install/yolobot_recognition/share/yolobot_recognition//scripts/yolov8n/data/241
[1.189s] -- Installing: /home/davinci/ros2_simulation_ws/install/yolobot_recognition/share/yolobot_recognition//scripts/yolov8n/data/203
[1.189s] -- Installing: /home/davinci/ros2_simulation_ws/install/yolobot_recognition/share/yolobot_recognition//scripts/yolov8n/data/339
[1.189s] -- Installing: /home/davinci/ros2_simulation_ws/install/yolobot_recognition/share/yolobot_recognition//scripts/yolov8n/data/327
[1.189s] -- Installing: /home/davinci/ros2_simulation_ws/install/yolobot_recognition/share/yolobot_recognition//scripts/yolov8n/data/162
[1.189s] -- Installing: /home/davinci/ros2_simulation_ws/install/yolobot_recognition/share/yolobot_recognition//scripts/yolov8n/data/112
[1.189s] -- Installing: /home/davinci/ros2_simulation_ws/install/yolobot_recognition/share/yolobot_recognition//scripts/yolov8n/data/322
[1.190s] -- Installing: /home/davinci/ros2_simulation_ws/install/yolobot_recognition/share/yolobot_recognition//scripts/yolov8n/data/155
[1.190s] -- Installing: /home/davinci/ros2_simulation_ws/install/yolobot_recognition/share/yolobot_recognition//scripts/yolov8n/data/291
[1.190s] -- Installing: /home/davinci/ros2_simulation_ws/install/yolobot_recognition/share/yolobot_recognition//scripts/yolov8n/data/255
[1.190s] -- Installing: /home/davinci/ros2_simulation_ws/install/yolobot_recognition/share/yolobot_recognition//scripts/yolov8n/data/288
[1.190s] -- Installing: /home/davinci/ros2_simulation_ws/install/yolobot_recognition/share/yolobot_recognition//scripts/yolov8n/data/18
[1.190s] -- Installing: /home/davinci/ros2_simulation_ws/install/yolobot_recognition/share/yolobot_recognition//scripts/yolov8n/data/264
[1.191s] -- Installing: /home/davinci/ros2_simulation_ws/install/yolobot_recognition/share/yolobot_recognition//scripts/yolov8n/data/89
[1.191s] -- Installing: /home/davinci/ros2_simulation_ws/install/yolobot_recognition/share/yolobot_recognition//scripts/yolov8n/data/347
[1.191s] -- Installing: /home/davinci/ros2_simulation_ws/install/yolobot_recognition/share/yolobot_recognition//scripts/yolov8n/data/300
[1.192s] -- Installing: /home/davinci/ros2_simulation_ws/install/yolobot_recognition/share/yolobot_recognition//scripts/yolov8n/data/166
[1.192s] -- Installing: /home/davinci/ros2_simulation_ws/install/yolobot_recognition/share/yolobot_recognition//scripts/yolov8n/data/88
[1.192s] -- Installing: /home/davinci/ros2_simulation_ws/install/yolobot_recognition/share/yolobot_recognition//scripts/yolov8n/data/52
[1.192s] -- Installing: /home/davinci/ros2_simulation_ws/install/yolobot_recognition/share/yolobot_recognition//scripts/yolov8n/data/105
[1.192s] -- Installing: /home/davinci/ros2_simulation_ws/install/yolobot_recognition/share/yolobot_recognition//scripts/yolov8n/data/100
[1.192s] -- Installing: /home/davinci/ros2_simulation_ws/install/yolobot_recognition/share/yolobot_recognition//scripts/yolov8n/data/328
[1.192s] -- Installing: /home/davinci/ros2_simulation_ws/install/yolobot_recognition/share/yolobot_recognition//scripts/yolov8n/data/193
[1.193s] -- Installing: /home/davinci/ros2_simulation_ws/install/yolobot_recognition/share/yolobot_recognition//scripts/yolov8n/data/143
[1.193s] -- Installing: /home/davinci/ros2_simulation_ws/install/yolobot_recognition/share/yolobot_recognition//scripts/yolov8n/data/149
[1.193s] -- Installing: /home/davinci/ros2_simulation_ws/install/yolobot_recognition/share/yolobot_recognition//scripts/yolov8n/data/228
[1.193s] -- Installing: /home/davinci/ros2_simulation_ws/install/yolobot_recognition/share/yolobot_recognition//scripts/yolov8n/data/283
[1.193s] -- Installing: /home/davinci/ros2_simulation_ws/install/yolobot_recognition/share/yolobot_recognition//scripts/yolov8n/data/176
[1.193s] -- Installing: /home/davinci/ros2_simulation_ws/install/yolobot_recognition/share/yolobot_recognition//scripts/yolov8n/data/47
[1.193s] -- Installing: /home/davinci/ros2_simulation_ws/install/yolobot_recognition/share/yolobot_recognition//scripts/yolov8n/data/335
[1.193s] -- Installing: /home/davinci/ros2_simulation_ws/install/yolobot_recognition/share/yolobot_recognition//scripts/yolov8n/data/97
[1.193s] -- Installing: /home/davinci/ros2_simulation_ws/install/yolobot_recognition/share/yolobot_recognition//scripts/yolov8n/data/76
[1.194s] -- Installing: /home/davinci/ros2_simulation_ws/install/yolobot_recognition/share/yolobot_recognition//scripts/yolov8n/data/279
[1.194s] -- Installing: /home/davinci/ros2_simulation_ws/install/yolobot_recognition/share/yolobot_recognition//scripts/yolov8n/data/323
[1.194s] -- Installing: /home/davinci/ros2_simulation_ws/install/yolobot_recognition/share/yolobot_recognition//scripts/yolov8n/data/138
[1.194s] -- Installing: /home/davinci/ros2_simulation_ws/install/yolobot_recognition/share/yolobot_recognition//scripts/yolov8n/data/253
[1.194s] -- Installing: /home/davinci/ros2_simulation_ws/install/yolobot_recognition/share/yolobot_recognition//scripts/yolov8n/data/209
[1.194s] -- Installing: /home/davinci/ros2_simulation_ws/install/yolobot_recognition/share/yolobot_recognition//scripts/yolov8n/data/74
[1.194s] -- Installing: /home/davinci/ros2_simulation_ws/install/yolobot_recognition/share/yolobot_recognition//scripts/yolov8n/data/231
[1.194s] -- Installing: /home/davinci/ros2_simulation_ws/install/yolobot_recognition/share/yolobot_recognition//scripts/yolov8n/data/170
[1.195s] -- Installing: /home/davinci/ros2_simulation_ws/install/yolobot_recognition/share/yolobot_recognition//scripts/yolov8n/data/50
[1.195s] -- Installing: /home/davinci/ros2_simulation_ws/install/yolobot_recognition/share/yolobot_recognition//scripts/yolov8n/data/189
[1.195s] -- Installing: /home/davinci/ros2_simulation_ws/install/yolobot_recognition/share/yolobot_recognition//scripts/yolov8n/data/337
[1.195s] -- Installing: /home/davinci/ros2_simulation_ws/install/yolobot_recognition/share/yolobot_recognition//scripts/yolov8n/data/43
[1.195s] -- Installing: /home/davinci/ros2_simulation_ws/install/yolobot_recognition/share/yolobot_recognition//scripts/yolov8n/data/229
[1.195s] -- Installing: /home/davinci/ros2_simulation_ws/install/yolobot_recognition/share/yolobot_recognition//scripts/yolov8n/data/37
[1.195s] -- Installing: /home/davinci/ros2_simulation_ws/install/yolobot_recognition/share/yolobot_recognition//scripts/yolov8n/data/251
[1.196s] -- Installing: /home/davinci/ros2_simulation_ws/install/yolobot_recognition/share/yolobot_recognition//scripts/yolov8n/data/34
[1.196s] -- Installing: /home/davinci/ros2_simulation_ws/install/yolobot_recognition/share/yolobot_recognition//scripts/yolov8n/data/33
[1.196s] -- Installing: /home/davinci/ros2_simulation_ws/install/yolobot_recognition/share/yolobot_recognition//scripts/yolov8n/data/345
[1.196s] -- Installing: /home/davinci/ros2_simulation_ws/install/yolobot_recognition/share/yolobot_recognition//scripts/yolov8n/data/295
[1.196s] -- Installing: /home/davinci/ros2_simulation_ws/install/yolobot_recognition/share/yolobot_recognition//scripts/yolov8n/data/319
[1.196s] -- Installing: /home/davinci/ros2_simulation_ws/install/yolobot_recognition/share/yolobot_recognition//scripts/yolov8n/data/333
[1.196s] -- Installing: /home/davinci/ros2_simulation_ws/install/yolobot_recognition/share/yolobot_recognition//scripts/yolov8n/data/173
[1.196s] -- Installing: /home/davinci/ros2_simulation_ws/install/yolobot_recognition/share/yolobot_recognition//scripts/yolov8n/data/58
[1.196s] -- Installing: /home/davinci/ros2_simulation_ws/install/yolobot_recognition/share/yolobot_recognition//scripts/yolov8n/data/230
[1.196s] -- Installing: /home/davinci/ros2_simulation_ws/install/yolobot_recognition/share/yolobot_recognition//scripts/yolov8n/data/63
[1.196s] -- Installing: /home/davinci/ros2_simulation_ws/install/yolobot_recognition/share/yolobot_recognition//scripts/yolov8n/data/305
[1.196s] -- Installing: /home/davinci/ros2_simulation_ws/install/yolobot_recognition/share/yolobot_recognition//scripts/yolov8n/data/66
[1.196s] -- Installing: /home/davinci/ros2_simulation_ws/install/yolobot_recognition/share/yolobot_recognition//scripts/yolov8n/data/210
[1.197s] -- Installing: /home/davinci/ros2_simulation_ws/install/yolobot_recognition/share/yolobot_recognition//scripts/yolov8n/data/158
[1.197s] -- Installing: /home/davinci/ros2_simulation_ws/install/yolobot_recognition/share/yolobot_recognition//scripts/yolov8n/data/258
[1.197s] -- Installing: /home/davinci/ros2_simulation_ws/install/yolobot_recognition/share/yolobot_recognition//scripts/yolov8n/data/204
[1.197s] -- Installing: /home/davinci/ros2_simulation_ws/install/yolobot_recognition/share/yolobot_recognition//scripts/yolov8n/data/265
[1.197s] -- Installing: /home/davinci/ros2_simulation_ws/install/yolobot_recognition/share/yolobot_recognition//scripts/yolov8n/data/313
[1.197s] -- Installing: /home/davinci/ros2_simulation_ws/install/yolobot_recognition/share/yolobot_recognition//scripts/yolov8n/data/136
[1.197s] -- Installing: /home/davinci/ros2_simulation_ws/install/yolobot_recognition/share/yolobot_recognition//scripts/yolov8n/data/356
[1.197s] -- Installing: /home/davinci/ros2_simulation_ws/install/yolobot_recognition/share/yolobot_recognition//scripts/yolov8n/data/161
[1.197s] -- Installing: /home/davinci/ros2_simulation_ws/install/yolobot_recognition/share/yolobot_recognition//scripts/yolov8n/data/8
[1.197s] -- Installing: /home/davinci/ros2_simulation_ws/install/yolobot_recognition/share/yolobot_recognition//scripts/yolov8n/data/250
[1.197s] -- Installing: /home/davinci/ros2_simulation_ws/install/yolobot_recognition/share/yolobot_recognition//scripts/yolov8n/data/131
[1.197s] -- Installing: /home/davinci/ros2_simulation_ws/install/yolobot_recognition/share/yolobot_recognition//scripts/yolov8n/data/107
[1.198s] -- Installing: /home/davinci/ros2_simulation_ws/install/yolobot_recognition/share/yolobot_recognition//scripts/yolov8n/data/51
[1.198s] -- Installing: /home/davinci/ros2_simulation_ws/install/yolobot_recognition/share/yolobot_recognition//scripts/yolov8n/data/54
[1.198s] -- Installing: /home/davinci/ros2_simulation_ws/install/yolobot_recognition/share/yolobot_recognition//scripts/yolov8n/data/83
[1.198s] -- Installing: /home/davinci/ros2_simulation_ws/install/yolobot_recognition/share/yolobot_recognition//scripts/yolov8n/data/103
[1.198s] -- Installing: /home/davinci/ros2_simulation_ws/install/yolobot_recognition/share/yolobot_recognition//scripts/yolov8n/data/81
[1.198s] -- Installing: /home/davinci/ros2_simulation_ws/install/yolobot_recognition/share/yolobot_recognition//scripts/yolov8n/data/30
[1.198s] -- Installing: /home/davinci/ros2_simulation_ws/install/yolobot_recognition/share/yolobot_recognition//scripts/yolov8n/data/336
[1.198s] -- Installing: /home/davinci/ros2_simulation_ws/install/yolobot_recognition/share/yolobot_recognition//scripts/yolov8n/data/13
[1.198s] -- Installing: /home/davinci/ros2_simulation_ws/install/yolobot_recognition/share/yolobot_recognition//scripts/yolov8n/data/290
[1.198s] -- Installing: /home/davinci/ros2_simulation_ws/install/yolobot_recognition/share/yolobot_recognition//scripts/yolov8n/data/117
[1.198s] -- Installing: /home/davinci/ros2_simulation_ws/install/yolobot_recognition/share/yolobot_recognition//scripts/yolov8n/data/177
[1.199s] -- Installing: /home/davinci/ros2_simulation_ws/install/yolobot_recognition/share/yolobot_recognition//scripts/yolov8n/data/194
[1.199s] -- Installing: /home/davinci/ros2_simulation_ws/install/yolobot_recognition/share/yolobot_recognition//scripts/yolov8n/data/150
[1.199s] -- Installing: /home/davinci/ros2_simulation_ws/install/yolobot_recognition/share/yolobot_recognition//scripts/yolov8n/data/98
[1.199s] -- Installing: /home/davinci/ros2_simulation_ws/install/yolobot_recognition/share/yolobot_recognition//scripts/yolov8n/data/346
[1.199s] -- Installing: /home/davinci/ros2_simulation_ws/install/yolobot_recognition/share/yolobot_recognition//scripts/yolov8n/data/218
[1.199s] -- Installing: /home/davinci/ros2_simulation_ws/install/yolobot_recognition/share/yolobot_recognition//scripts/yolov8n/data/266
[1.199s] -- Installing: /home/davinci/ros2_simulation_ws/install/yolobot_recognition/share/yolobot_recognition//scripts/yolov8n/data/188
[1.199s] -- Installing: /home/davinci/ros2_simulation_ws/install/yolobot_recognition/share/yolobot_recognition//scripts/yolov8n/data/351
[1.199s] -- Installing: /home/davinci/ros2_simulation_ws/install/yolobot_recognition/share/yolobot_recognition//scripts/yolov8n/data/119
[1.199s] -- Installing: /home/davinci/ros2_simulation_ws/install/yolobot_recognition/share/yolobot_recognition//scripts/yolov8n/data/55
[1.200s] -- Installing: /home/davinci/ros2_simulation_ws/install/yolobot_recognition/share/yolobot_recognition//scripts/yolov8n/data/208
[1.200s] -- Installing: /home/davinci/ros2_simulation_ws/install/yolobot_recognition/share/yolobot_recognition//scripts/yolov8n/data/284
[1.200s] -- Installing: /home/davinci/ros2_simulation_ws/install/yolobot_recognition/share/yolobot_recognition//scripts/yolov8n/data/195
[1.200s] -- Installing: /home/davinci/ros2_simulation_ws/install/yolobot_recognition/share/yolobot_recognition//scripts/yolov8n/data/343
[1.200s] -- Installing: /home/davinci/ros2_simulation_ws/install/yolobot_recognition/share/yolobot_recognition//scripts/yolov8n/data/28
[1.200s] -- Installing: /home/davinci/ros2_simulation_ws/install/yolobot_recognition/share/yolobot_recognition//scripts/yolov8n/data/198
[1.200s] -- Installing: /home/davinci/ros2_simulation_ws/install/yolobot_recognition/share/yolobot_recognition//scripts/yolov8n/data/164
[1.200s] -- Installing: /home/davinci/ros2_simulation_ws/install/yolobot_recognition/share/yolobot_recognition//scripts/yolov8n/data/281
[1.200s] -- Installing: /home/davinci/ros2_simulation_ws/install/yolobot_recognition/share/yolobot_recognition//scripts/yolov8n/data/110
[1.200s] -- Installing: /home/davinci/ros2_simulation_ws/install/yolobot_recognition/share/yolobot_recognition//scripts/yolov8n/data/169
[1.201s] -- Installing: /home/davinci/ros2_simulation_ws/install/yolobot_recognition/share/yolobot_recognition//scripts/yolov8n/data/220
[1.201s] -- Installing: /home/davinci/ros2_simulation_ws/install/yolobot_recognition/share/yolobot_recognition//scripts/yolov8n/data/352
[1.201s] -- Installing: /home/davinci/ros2_simulation_ws/install/yolobot_recognition/share/yolobot_recognition//scripts/yolov8n/data/46
[1.201s] -- Installing: /home/davinci/ros2_simulation_ws/install/yolobot_recognition/share/yolobot_recognition//scripts/yolov8n/data/48
[1.201s] -- Installing: /home/davinci/ros2_simulation_ws/install/yolobot_recognition/share/yolobot_recognition//scripts/yolov8n/data/206
[1.201s] -- Installing: /home/davinci/ros2_simulation_ws/install/yolobot_recognition/share/yolobot_recognition//scripts/yolov8n/data/244
[1.201s] -- Installing: /home/davinci/ros2_simulation_ws/install/yolobot_recognition/share/yolobot_recognition//scripts/yolov8n/data/26
[1.202s] -- Installing: /home/davinci/ros2_simulation_ws/install/yolobot_recognition/share/yolobot_recognition//scripts/yolov8n/data/59
[1.202s] -- Installing: /home/davinci/ros2_simulation_ws/install/yolobot_recognition/share/yolobot_recognition//scripts/yolov8n/data/101
[1.202s] -- Installing: /home/davinci/ros2_simulation_ws/install/yolobot_recognition/share/yolobot_recognition//scripts/yolov8n/data/243
[1.202s] -- Installing: /home/davinci/ros2_simulation_ws/install/yolobot_recognition/share/yolobot_recognition//scripts/yolov8n/data/226
[1.202s] -- Installing: /home/davinci/ros2_simulation_ws/install/yolobot_recognition/share/yolobot_recognition//scripts/yolov8n/data/39
[1.202s] -- Installing: /home/davinci/ros2_simulation_ws/install/yolobot_recognition/share/yolobot_recognition//scripts/yolov8n/data/125
[1.202s] -- Installing: /home/davinci/ros2_simulation_ws/install/yolobot_recognition/share/yolobot_recognition//scripts/yolov8n/data/127
[1.202s] -- Installing: /home/davinci/ros2_simulation_ws/install/yolobot_recognition/share/yolobot_recognition//scripts/yolov8n/data/312
[1.202s] -- Installing: /home/davinci/ros2_simulation_ws/install/yolobot_recognition/share/yolobot_recognition//scripts/yolov8n/data/314
[1.202s] -- Installing: /home/davinci/ros2_simulation_ws/install/yolobot_recognition/share/yolobot_recognition//scripts/yolov8n/data/186
[1.202s] -- Installing: /home/davinci/ros2_simulation_ws/install/yolobot_recognition/share/yolobot_recognition//scripts/yolov8n/data/31
[1.203s] -- Installing: /home/davinci/ros2_simulation_ws/install/yolobot_recognition/share/yolobot_recognition//scripts/yolov8n/data/309
[1.203s] -- Installing: /home/davinci/ros2_simulation_ws/install/yolobot_recognition/share/yolobot_recognition//scripts/yolov8n/data/70
[1.203s] -- Installing: /home/davinci/ros2_simulation_ws/install/yolobot_recognition/share/yolobot_recognition//scripts/yolov8n/data/252
[1.203s] -- Installing: /home/davinci/ros2_simulation_ws/install/yolobot_recognition/share/yolobot_recognition//scripts/yolov8n/data/325
[1.203s] -- Installing: /home/davinci/ros2_simulation_ws/install/yolobot_recognition/share/yolobot_recognition//scripts/yolov8n/data/268
[1.203s] -- Installing: /home/davinci/ros2_simulation_ws/install/yolobot_recognition/share/yolobot_recognition//scripts/yolov8n/data/293
[1.203s] -- Installing: /home/davinci/ros2_simulation_ws/install/yolobot_recognition/share/yolobot_recognition//scripts/yolov8n/data/178
[1.203s] -- Installing: /home/davinci/ros2_simulation_ws/install/yolobot_recognition/share/yolobot_recognition//scripts/yolov8n/data/123
[1.203s] -- Installing: /home/davinci/ros2_simulation_ws/install/yolobot_recognition/share/yolobot_recognition//scripts/yolov8n/data/160
[1.203s] -- Installing: /home/davinci/ros2_simulation_ws/install/yolobot_recognition/share/yolobot_recognition//scripts/yolov8n/data/29
[1.204s] -- Installing: /home/davinci/ros2_simulation_ws/install/yolobot_recognition/share/yolobot_recognition//scripts/yolov8n/data/286
[1.204s] -- Installing: /home/davinci/ros2_simulation_ws/install/yolobot_recognition/share/yolobot_recognition//scripts/yolov8n/data/247
[1.204s] -- Installing: /home/davinci/ros2_simulation_ws/install/yolobot_recognition/share/yolobot_recognition//scripts/yolov8n/data/4
[1.204s] -- Installing: /home/davinci/ros2_simulation_ws/install/yolobot_recognition/share/yolobot_recognition//scripts/yolov8n/data/148
[1.204s] -- Installing: /home/davinci/ros2_simulation_ws/install/yolobot_recognition/share/yolobot_recognition//scripts/yolov8n/data/60
[1.204s] -- Installing: /home/davinci/ros2_simulation_ws/install/yolobot_recognition/share/yolobot_recognition//scripts/yolov8n/data/152
[1.204s] -- Installing: /home/davinci/ros2_simulation_ws/install/yolobot_recognition/share/yolobot_recognition//scripts/yolov8n/data/282
[1.205s] -- Installing: /home/davinci/ros2_simulation_ws/install/yolobot_recognition/share/yolobot_recognition//scripts/yolov8n/data/274
[1.205s] -- Installing: /home/davinci/ros2_simulation_ws/install/yolobot_recognition/share/yolobot_recognition//scripts/yolov8n/data/137
[1.205s] -- Installing: /home/davinci/ros2_simulation_ws/install/yolobot_recognition/share/yolobot_recognition//scripts/yolov8n/data/14
[1.205s] -- Installing: /home/davinci/ros2_simulation_ws/install/yolobot_recognition/share/yolobot_recognition//scripts/yolov8n/data/141
[1.205s] -- Installing: /home/davinci/ros2_simulation_ws/install/yolobot_recognition/share/yolobot_recognition//scripts/yolov8n/data/254
[1.205s] -- Installing: /home/davinci/ros2_simulation_ws/install/yolobot_recognition/share/yolobot_recognition//scripts/yolov8n/data/106
[1.205s] -- Installing: /home/davinci/ros2_simulation_ws/install/yolobot_recognition/share/yolobot_recognition//scripts/yolov8n/data/273
[1.205s] -- Installing: /home/davinci/ros2_simulation_ws/install/yolobot_recognition/share/yolobot_recognition//scripts/yolov8n/data/320
[1.205s] -- Installing: /home/davinci/ros2_simulation_ws/install/yolobot_recognition/share/yolobot_recognition//scripts/yolov8n/data/116
[1.206s] -- Installing: /home/davinci/ros2_simulation_ws/install/yolobot_recognition/share/yolobot_recognition//scripts/yolov8n/data/20
[1.206s] -- Installing: /home/davinci/ros2_simulation_ws/install/yolobot_recognition/share/yolobot_recognition//scripts/yolov8n/data/25
[1.207s] -- Installing: /home/davinci/ros2_simulation_ws/install/yolobot_recognition/share/yolobot_recognition//scripts/yolov8n/data/289
[1.207s] -- Installing: /home/davinci/ros2_simulation_ws/install/yolobot_recognition/share/yolobot_recognition//scripts/yolov8n/data/90
[1.207s] -- Installing: /home/davinci/ros2_simulation_ws/install/yolobot_recognition/share/yolobot_recognition//scripts/yolov8n/data/224
[1.207s] -- Installing: /home/davinci/ros2_simulation_ws/install/yolobot_recognition/share/yolobot_recognition//scripts/yolov8n/data/114
[1.207s] -- Installing: /home/davinci/ros2_simulation_ws/install/yolobot_recognition/share/yolobot_recognition//scripts/yolov8n/data/86
[1.207s] -- Installing: /home/davinci/ros2_simulation_ws/install/yolobot_recognition/share/yolobot_recognition//scripts/yolov8n/data/80
[1.208s] -- Installing: /home/davinci/ros2_simulation_ws/install/yolobot_recognition/share/yolobot_recognition//scripts/yolov8n/data/104
[1.208s] -- Installing: /home/davinci/ros2_simulation_ws/install/yolobot_recognition/share/yolobot_recognition//scripts/yolov8n/data/310
[1.208s] -- Installing: /home/davinci/ros2_simulation_ws/install/yolobot_recognition/share/yolobot_recognition//scripts/yolov8n/data/53
[1.208s] -- Installing: /home/davinci/ros2_simulation_ws/install/yolobot_recognition/share/yolobot_recognition//scripts/yolov8n/data/27
[1.208s] -- Installing: /home/davinci/ros2_simulation_ws/install/yolobot_recognition/share/yolobot_recognition//scripts/yolov8n/data/3
[1.208s] -- Installing: /home/davinci/ros2_simulation_ws/install/yolobot_recognition/share/yolobot_recognition//scripts/yolov8n/data/174
[1.208s] -- Installing: /home/davinci/ros2_simulation_ws/install/yolobot_recognition/share/yolobot_recognition//scripts/yolov8n/data/134
[1.208s] -- Installing: /home/davinci/ros2_simulation_ws/install/yolobot_recognition/share/yolobot_recognition//scripts/yolov8n/data/349
[1.208s] -- Installing: /home/davinci/ros2_simulation_ws/install/yolobot_recognition/share/yolobot_recognition//scripts/yolov8n/data/69
[1.209s] -- Installing: /home/davinci/ros2_simulation_ws/install/yolobot_recognition/share/yolobot_recognition//scripts/yolov8n/data/6
[1.209s] -- Installing: /home/davinci/ros2_simulation_ws/install/yolobot_recognition/share/yolobot_recognition//scripts/yolov8n/version
[1.209s] -- Installing: /home/davinci/ros2_simulation_ws/install/yolobot_recognition/share/yolobot_recognition//scripts/yolov8n.pt
[1.212s] -- Installing: /home/davinci/ros2_simulation_ws/install/yolobot_recognition/share/yolobot_recognition//scripts/yolov8_ros2_subscriber.py
[1.212s] -- Installing: /home/davinci/ros2_simulation_ws/install/yolobot_recognition/share/yolobot_recognition//scripts/.gitattributes
[1.212s] -- Installing: /home/davinci/ros2_simulation_ws/install/yolobot_recognition/share/yolobot_recognition//launch
[1.212s] -- Installing: /home/davinci/ros2_simulation_ws/install/yolobot_recognition/share/yolobot_recognition//launch/launch_yolov8.launch.py
[1.212s] -- Installing: /home/davinci/ros2_simulation_ws/install/yolobot_recognition/lib/yolobot_recognition/yolov8_ros2_pt.py
[1.212s] -- Installing: /home/davinci/ros2_simulation_ws/install/yolobot_recognition/lib/yolobot_recognition/yolov8_ros2_subscriber.py
[1.212s] -- Installing: /home/davinci/ros2_simulation_ws/install/yolobot_recognition/lib/yolobot_recognition/launch_yolov8.launch.py
[1.213s] -- Installing: /home/davinci/ros2_simulation_ws/install/yolobot_recognition/share/ament_index/resource_index/package_run_dependencies/yolobot_recognition
[1.213s] -- Installing: /home/davinci/ros2_simulation_ws/install/yolobot_recognition/share/ament_index/resource_index/parent_prefix_path/yolobot_recognition
[1.214s] -- Installing: /home/davinci/ros2_simulation_ws/install/yolobot_recognition/share/yolobot_recognition/environment/ament_prefix_path.sh
[1.214s] -- Installing: /home/davinci/ros2_simulation_ws/install/yolobot_recognition/share/yolobot_recognition/environment/ament_prefix_path.dsv
[1.214s] -- Installing: /home/davinci/ros2_simulation_ws/install/yolobot_recognition/share/yolobot_recognition/environment/path.sh
[1.214s] -- Installing: /home/davinci/ros2_simulation_ws/install/yolobot_recognition/share/yolobot_recognition/environment/path.dsv
[1.214s] -- Installing: /home/davinci/ros2_simulation_ws/install/yolobot_recognition/share/yolobot_recognition/local_setup.bash
[1.215s] -- Installing: /home/davinci/ros2_simulation_ws/install/yolobot_recognition/share/yolobot_recognition/local_setup.sh
[1.215s] -- Installing: /home/davinci/ros2_simulation_ws/install/yolobot_recognition/share/yolobot_recognition/local_setup.zsh
[1.215s] -- Installing: /home/davinci/ros2_simulation_ws/install/yolobot_recognition/share/yolobot_recognition/local_setup.dsv
[1.216s] -- Installing: /home/davinci/ros2_simulation_ws/install/yolobot_recognition/share/yolobot_recognition/package.dsv
[1.216s] -- Installing: /home/davinci/ros2_simulation_ws/install/yolobot_recognition/share/ament_index/resource_index/packages/yolobot_recognition
[1.216s] -- Installing: /home/davinci/ros2_simulation_ws/install/yolobot_recognition/share/yolobot_recognition/cmake/yolobot_recognitionConfig.cmake
[1.216s] -- Installing: /home/davinci/ros2_simulation_ws/install/yolobot_recognition/share/yolobot_recognition/cmake/yolobot_recognitionConfig-version.cmake
[1.216s] -- Installing: /home/davinci/ros2_simulation_ws/install/yolobot_recognition/share/yolobot_recognition/package.xml
[1.225s] Invoked command in '/home/davinci/ros2_simulation_ws/build/yolobot_recognition' returned '0': CMAKE_PREFIX_PATH=${CMAKE_PREFIX_PATH}:/home/davinci/ros3_ws/install/my_py_pkg:/opt/ros/jazzy DEBUGINFOD_URLS=https://debuginfod.ubuntu.com /usr/bin/cmake --install /home/davinci/ros2_simulation_ws/build/yolobot_recognition
